{"C:\\Users\\aykut\\WebstormProjects\\love-path\\frontend\\src\\components\\contact\\contact.js": {"path":"C:\\Users\\aykut\\WebstormProjects\\love-path\\frontend\\src\\components\\contact\\contact.js","statementMap":{"0":{"start":{"line":6,"column":2},"end":{"line":15,"column":4}}},"fnMap":{"0":{"name":"Contact","decl":{"start":{"line":5,"column":9},"end":{"line":5,"column":16}},"loc":{"start":{"line":5,"column":24},"end":{"line":16,"column":1}},"line":5}},"branchMap":{},"s":{"0":1},"f":{"0":1},"b":{},"_coverageSchema":"1a1c01bbd47fc00a2c39e90264f33305004495a9","hash":"1a3b6215dd05d4daf24d50a6d2bc07b6efdbc46e"}
}
