{"C:\\Users\\aykut\\WebstormProjects\\love-path\\backend\\src\\app.js": {"path":"C:\\Users\\aykut\\WebstormProjects\\love-path\\backend\\src\\app.js","statementMap":{"0":{"start":{"line":13,"column":2},"end":{"line":13,"column":19}},"1":{"start":{"line":14,"column":2},"end":{"line":16,"column":3}},"2":{"start":{"line":15,"column":4},"end":{"line":15,"column":23}},"3":{"start":{"line":18,"column":14},"end":{"line":18,"column":23}},"4":{"start":{"line":20,"column":2},"end":{"line":20,"column":18}},"5":{"start":{"line":21,"column":2},"end":{"line":21,"column":62}},"6":{"start":{"line":22,"column":2},"end":{"line":22,"column":26}},"7":{"start":{"line":23,"column":2},"end":{"line":23,"column":49}},"8":{"start":{"line":24,"column":2},"end":{"line":24,"column":26}},"9":{"start":{"line":25,"column":2},"end":{"line":25,"column":63}},"10":{"start":{"line":26,"column":2},"end":{"line":26,"column":28}},"11":{"start":{"line":29,"column":27},"end":{"line":34,"column":3}},"12":{"start":{"line":30,"column":4},"end":{"line":31,"column":55}},"13":{"start":{"line":33,"column":4},"end":{"line":33,"column":39}},"14":{"start":{"line":35,"column":2},"end":{"line":35,"column":28}},"15":{"start":{"line":37,"column":2},"end":{"line":37,"column":13}}},"fnMap":{"0":{"name":"getApp","decl":{"start":{"line":12,"column":15},"end":{"line":12,"column":21}},"loc":{"start":{"line":12,"column":24},"end":{"line":38,"column":1}},"line":12},"1":{"name":"(anonymous_1)","decl":{"start":{"line":29,"column":27},"end":{"line":29,"column":28}},"loc":{"start":{"line":29,"column":58},"end":{"line":34,"column":3}},"line":29}},"branchMap":{"0":{"loc":{"start":{"line":14,"column":2},"end":{"line":16,"column":3}},"type":"if","locations":[{"start":{"line":14,"column":2},"end":{"line":16,"column":3}},{"start":{},"end":{}}],"line":14},"1":{"loc":{"start":{"line":30,"column":27},"end":{"line":30,"column":44}},"type":"binary-expr","locations":[{"start":{"line":30,"column":27},"end":{"line":30,"column":37}},{"start":{"line":30,"column":41},"end":{"line":30,"column":44}}],"line":30}},"s":{"0":8,"1":8,"2":0,"3":8,"4":8,"5":8,"6":8,"7":8,"8":8,"9":8,"10":8,"11":8,"12":0,"13":0,"14":8,"15":8},"f":{"0":8,"1":0},"b":{"0":[0,8],"1":[0,0]},"_coverageSchema":"1a1c01bbd47fc00a2c39e90264f33305004495a9","hash":"14b81d26e50c9c32f2fe351bbcad326592420bfb"}
,"C:\\Users\\aykut\\WebstormProjects\\love-path\\backend\\src\\server.js": {"path":"C:\\Users\\aykut\\WebstormProjects\\love-path\\backend\\src\\server.js","statementMap":{"0":{"start":{"line":8,"column":22},"end":{"line":22,"column":1}},"1":{"start":{"line":9,"column":15},"end":{"line":9,"column":32}},"2":{"start":{"line":11,"column":2},"end":{"line":14,"column":3}},"3":{"start":{"line":13,"column":4},"end":{"line":13,"column":15}},"4":{"start":{"line":16,"column":2},"end":{"line":19,"column":3}},"5":{"start":{"line":18,"column":4},"end":{"line":18,"column":16}},"6":{"start":{"line":21,"column":2},"end":{"line":21,"column":15}},"7":{"start":{"line":24,"column":16},"end":{"line":42,"column":1}},"8":{"start":{"line":25,"column":2},"end":{"line":27,"column":3}},"9":{"start":{"line":26,"column":4},"end":{"line":26,"column":16}},"10":{"start":{"line":30,"column":2},"end":{"line":41,"column":3}},"11":{"start":{"line":32,"column":6},"end":{"line":32,"column":63}},"12":{"start":{"line":33,"column":6},"end":{"line":33,"column":22}},"13":{"start":{"line":34,"column":6},"end":{"line":34,"column":12}},"14":{"start":{"line":36,"column":6},"end":{"line":36,"column":52}},"15":{"start":{"line":37,"column":6},"end":{"line":37,"column":22}},"16":{"start":{"line":38,"column":6},"end":{"line":38,"column":12}},"17":{"start":{"line":40,"column":6},"end":{"line":40,"column":18}},"18":{"start":{"line":44,"column":20},"end":{"line":46,"column":1}},"19":{"start":{"line":45,"column":2},"end":{"line":45,"column":52}},"20":{"start":{"line":49,"column":2},"end":{"line":65,"column":3}},"21":{"start":{"line":50,"column":16},"end":{"line":50,"column":30}},"22":{"start":{"line":51,"column":19},"end":{"line":51,"column":41}},"23":{"start":{"line":53,"column":17},"end":{"line":53,"column":55}},"24":{"start":{"line":54,"column":4},"end":{"line":54,"column":26}},"25":{"start":{"line":56,"column":4},"end":{"line":56,"column":24}},"26":{"start":{"line":57,"column":4},"end":{"line":57,"column":32}},"27":{"start":{"line":58,"column":4},"end":{"line":58,"column":40}},"28":{"start":{"line":60,"column":4},"end":{"line":60,"column":18}},"29":{"start":{"line":62,"column":4},"end":{"line":62,"column":35}},"30":{"start":{"line":64,"column":4},"end":{"line":64,"column":16}},"31":{"start":{"line":68,"column":0},"end":{"line":70,"column":1}},"32":{"start":{"line":69,"column":2},"end":{"line":69,"column":14}}},"fnMap":{"0":{"name":"(anonymous_0)","decl":{"start":{"line":8,"column":22},"end":{"line":8,"column":23}},"loc":{"start":{"line":8,"column":31},"end":{"line":22,"column":1}},"line":8},"1":{"name":"(anonymous_1)","decl":{"start":{"line":24,"column":16},"end":{"line":24,"column":17}},"loc":{"start":{"line":24,"column":27},"end":{"line":42,"column":1}},"line":24},"2":{"name":"(anonymous_2)","decl":{"start":{"line":44,"column":20},"end":{"line":44,"column":21}},"loc":{"start":{"line":44,"column":26},"end":{"line":46,"column":1}},"line":44},"3":{"name":"getServer","decl":{"start":{"line":48,"column":15},"end":{"line":48,"column":24}},"loc":{"start":{"line":48,"column":27},"end":{"line":66,"column":1}},"line":48}},"branchMap":{"0":{"loc":{"start":{"line":11,"column":2},"end":{"line":14,"column":3}},"type":"if","locations":[{"start":{"line":11,"column":2},"end":{"line":14,"column":3}},{"start":{},"end":{}}],"line":11},"1":{"loc":{"start":{"line":16,"column":2},"end":{"line":19,"column":3}},"type":"if","locations":[{"start":{"line":16,"column":2},"end":{"line":19,"column":3}},{"start":{},"end":{}}],"line":16},"2":{"loc":{"start":{"line":25,"column":2},"end":{"line":27,"column":3}},"type":"if","locations":[{"start":{"line":25,"column":2},"end":{"line":27,"column":3}},{"start":{},"end":{}}],"line":25},"3":{"loc":{"start":{"line":30,"column":2},"end":{"line":41,"column":3}},"type":"switch","locations":[{"start":{"line":31,"column":4},"end":{"line":34,"column":12}},{"start":{"line":35,"column":4},"end":{"line":38,"column":12}},{"start":{"line":39,"column":4},"end":{"line":40,"column":18}}],"line":30},"4":{"loc":{"start":{"line":68,"column":0},"end":{"line":70,"column":1}},"type":"if","locations":[{"start":{"line":68,"column":0},"end":{"line":70,"column":1}},{"start":{},"end":{}}],"line":68}},"s":{"0":8,"1":8,"2":8,"3":0,"4":8,"5":8,"6":0,"7":8,"8":0,"9":0,"10":0,"11":0,"12":0,"13":0,"14":0,"15":0,"16":0,"17":0,"18":8,"19":8,"20":8,"21":8,"22":8,"23":8,"24":8,"25":8,"26":8,"27":8,"28":8,"29":0,"30":0,"31":8,"32":0},"f":{"0":8,"1":0,"2":8,"3":8},"b":{"0":[0,8],"1":[8,0],"2":[0,0],"3":[0,0,0],"4":[0,8]},"_coverageSchema":"1a1c01bbd47fc00a2c39e90264f33305004495a9","hash":"681d7a17de219f57b2468c99dcbf12c50dff4272"}
,"C:\\Users\\aykut\\WebstormProjects\\love-path\\backend\\src\\db\\create-db.js": {"path":"C:\\Users\\aykut\\WebstormProjects\\love-path\\backend\\src\\db\\create-db.js","statementMap":{"0":{"start":{"line":5,"column":2},"end":{"line":5,"column":32}},"1":{"start":{"line":6,"column":2},"end":{"line":6,"column":38}}},"fnMap":{"0":{"name":"createDb","decl":{"start":{"line":4,"column":15},"end":{"line":4,"column":23}},"loc":{"start":{"line":4,"column":26},"end":{"line":7,"column":1}},"line":4}},"branchMap":{},"s":{"0":8,"1":8},"f":{"0":8},"b":{},"_coverageSchema":"1a1c01bbd47fc00a2c39e90264f33305004495a9","hash":"8a814ba432c20402c10829b010931610e3fbe2cc"}
,"C:\\Users\\aykut\\WebstormProjects\\love-path\\backend\\src\\db\\db-con.js": {"path":"C:\\Users\\aykut\\WebstormProjects\\love-path\\backend\\src\\db\\db-con.js","statementMap":{"0":{"start":{"line":5,"column":25},"end":{"line":6,"column":52}},"1":{"start":{"line":7,"column":0},"end":{"line":7,"column":37}},"2":{"start":{"line":9,"column":18},"end":{"line":21,"column":2}}},"fnMap":{},"branchMap":{"0":{"loc":{"start":{"line":20,"column":11},"end":{"line":20,"column":54}},"type":"cond-expr","locations":[{"start":{"line":20,"column":42},"end":{"line":20,"column":47}},{"start":{"line":20,"column":50},"end":{"line":20,"column":54}}],"line":20}},"s":{"0":8,"1":8,"2":8},"f":{},"b":{"0":[8,0]},"_coverageSchema":"1a1c01bbd47fc00a2c39e90264f33305004495a9","hash":"38db2ec9cb1e7443903d702d13ff1ebead39d698"}
,"C:\\Users\\aykut\\WebstormProjects\\love-path\\backend\\src\\db\\init-data.js": {"path":"C:\\Users\\aykut\\WebstormProjects\\love-path\\backend\\src\\db\\init-data.js","statementMap":{"0":{"start":{"line":11,"column":2},"end":{"line":12,"column":63}},"1":{"start":{"line":13,"column":2},"end":{"line":19,"column":40}},"2":{"start":{"line":20,"column":2},"end":{"line":32,"column":38}},"3":{"start":{"line":33,"column":2},"end":{"line":33,"column":68}},"4":{"start":{"line":34,"column":2},"end":{"line":34,"column":77}},"5":{"start":{"line":35,"column":2},"end":{"line":36,"column":73}},"6":{"start":{"line":37,"column":15},"end":{"line":39,"column":45}},"7":{"start":{"line":41,"column":16},"end":{"line":41,"column":73}},"8":{"start":{"line":42,"column":2},"end":{"line":42,"column":15}}},"fnMap":{"0":{"name":"initDbData","decl":{"start":{"line":10,"column":15},"end":{"line":10,"column":25}},"loc":{"start":{"line":10,"column":28},"end":{"line":43,"column":1}},"line":10}},"branchMap":{},"s":{"0":0,"1":0,"2":0,"3":0,"4":0,"5":0,"6":0,"7":0,"8":0},"f":{"0":0},"b":{},"_coverageSchema":"1a1c01bbd47fc00a2c39e90264f33305004495a9","hash":"9f011d09d09f03688bcc3619a4269630322217db"}
,"C:\\Users\\aykut\\WebstormProjects\\love-path\\backend\\src\\middleware\\auth.js": {"path":"C:\\Users\\aykut\\WebstormProjects\\love-path\\backend\\src\\middleware\\auth.js","statementMap":{"0":{"start":{"line":5,"column":29},"end":{"line":5,"column":56}},"1":{"start":{"line":6,"column":16},"end":{"line":7,"column":38}},"2":{"start":{"line":8,"column":2},"end":{"line":8,"column":15}},"3":{"start":{"line":11,"column":27},"end":{"line":25,"column":1}},"4":{"start":{"line":12,"column":2},"end":{"line":22,"column":3}},"5":{"start":{"line":13,"column":18},"end":{"line":13,"column":46}},"6":{"start":{"line":14,"column":4},"end":{"line":16,"column":5}},"7":{"start":{"line":15,"column":6},"end":{"line":15,"column":76}},"8":{"start":{"line":18,"column":20},"end":{"line":18,"column":55}},"9":{"start":{"line":19,"column":4},"end":{"line":19,"column":23}},"10":{"start":{"line":21,"column":4},"end":{"line":21,"column":49}},"11":{"start":{"line":24,"column":2},"end":{"line":24,"column":9}},"12":{"start":{"line":27,"column":32},"end":{"line":50,"column":1}},"13":{"start":{"line":28,"column":16},"end":{"line":28,"column":18}},"14":{"start":{"line":29,"column":2},"end":{"line":31,"column":3}},"15":{"start":{"line":30,"column":4},"end":{"line":30,"column":68}},"16":{"start":{"line":32,"column":2},"end":{"line":34,"column":3}},"17":{"start":{"line":33,"column":4},"end":{"line":33,"column":71}},"18":{"start":{"line":35,"column":2},"end":{"line":37,"column":3}},"19":{"start":{"line":36,"column":4},"end":{"line":36,"column":69}},"20":{"start":{"line":38,"column":2},"end":{"line":40,"column":3}},"21":{"start":{"line":39,"column":4},"end":{"line":39,"column":69}},"22":{"start":{"line":41,"column":2},"end":{"line":43,"column":3}},"23":{"start":{"line":42,"column":4},"end":{"line":42,"column":47}},"24":{"start":{"line":44,"column":2},"end":{"line":47,"column":3}},"25":{"start":{"line":45,"column":4},"end":{"line":46,"column":49}},"26":{"start":{"line":49,"column":2},"end":{"line":49,"column":35}},"27":{"start":{"line":52,"column":32},"end":{"line":60,"column":1}},"28":{"start":{"line":53,"column":16},"end":{"line":53,"column":18}},"29":{"start":{"line":54,"column":2},"end":{"line":57,"column":3}},"30":{"start":{"line":55,"column":4},"end":{"line":56,"column":49}},"31":{"start":{"line":59,"column":2},"end":{"line":59,"column":35}}},"fnMap":{"0":{"name":"signToken","decl":{"start":{"line":4,"column":16},"end":{"line":4,"column":25}},"loc":{"start":{"line":4,"column":55},"end":{"line":9,"column":1}},"line":4},"1":{"name":"(anonymous_1)","decl":{"start":{"line":11,"column":27},"end":{"line":11,"column":28}},"loc":{"start":{"line":11,"column":47},"end":{"line":25,"column":1}},"line":11},"2":{"name":"(anonymous_2)","decl":{"start":{"line":27,"column":32},"end":{"line":27,"column":33}},"loc":{"start":{"line":27,"column":43},"end":{"line":50,"column":1}},"line":27},"3":{"name":"(anonymous_3)","decl":{"start":{"line":52,"column":32},"end":{"line":52,"column":33}},"loc":{"start":{"line":52,"column":43},"end":{"line":60,"column":1}},"line":52}},"branchMap":{"0":{"loc":{"start":{"line":4,"column":35},"end":{"line":4,"column":53}},"type":"default-arg","locations":[{"start":{"line":4,"column":48},"end":{"line":4,"column":53}}],"line":4},"1":{"loc":{"start":{"line":5,"column":29},"end":{"line":5,"column":56}},"type":"cond-expr","locations":[{"start":{"line":5,"column":44},"end":{"line":5,"column":49}},{"start":{"line":5,"column":52},"end":{"line":5,"column":56}}],"line":5},"2":{"loc":{"start":{"line":14,"column":4},"end":{"line":16,"column":5}},"type":"if","locations":[{"start":{"line":14,"column":4},"end":{"line":16,"column":5}},{"start":{},"end":{}}],"line":14},"3":{"loc":{"start":{"line":29,"column":2},"end":{"line":31,"column":3}},"type":"if","locations":[{"start":{"line":29,"column":2},"end":{"line":31,"column":3}},{"start":{},"end":{}}],"line":29},"4":{"loc":{"start":{"line":32,"column":2},"end":{"line":34,"column":3}},"type":"if","locations":[{"start":{"line":32,"column":2},"end":{"line":34,"column":3}},{"start":{},"end":{}}],"line":32},"5":{"loc":{"start":{"line":35,"column":2},"end":{"line":37,"column":3}},"type":"if","locations":[{"start":{"line":35,"column":2},"end":{"line":37,"column":3}},{"start":{},"end":{}}],"line":35},"6":{"loc":{"start":{"line":38,"column":2},"end":{"line":40,"column":3}},"type":"if","locations":[{"start":{"line":38,"column":2},"end":{"line":40,"column":3}},{"start":{},"end":{}}],"line":38},"7":{"loc":{"start":{"line":41,"column":2},"end":{"line":43,"column":3}},"type":"if","locations":[{"start":{"line":41,"column":2},"end":{"line":43,"column":3}},{"start":{},"end":{}}],"line":41},"8":{"loc":{"start":{"line":44,"column":2},"end":{"line":47,"column":3}},"type":"if","locations":[{"start":{"line":44,"column":2},"end":{"line":47,"column":3}},{"start":{},"end":{}}],"line":44},"9":{"loc":{"start":{"line":54,"column":2},"end":{"line":57,"column":3}},"type":"if","locations":[{"start":{"line":54,"column":2},"end":{"line":57,"column":3}},{"start":{},"end":{}}],"line":54}},"s":{"0":10,"1":10,"2":10,"3":8,"4":14,"5":14,"6":14,"7":0,"8":14,"9":14,"10":0,"11":14,"12":8,"13":1,"14":1,"15":0,"16":1,"17":0,"18":1,"19":0,"20":1,"21":0,"22":1,"23":0,"24":1,"25":0,"26":1,"27":8,"28":1,"29":1,"30":0,"31":1},"f":{"0":10,"1":14,"2":1,"3":1},"b":{"0":[10],"1":[0,10],"2":[0,14],"3":[0,1],"4":[0,1],"5":[0,1],"6":[0,1],"7":[0,1],"8":[0,1],"9":[0,1]},"_coverageSchema":"1a1c01bbd47fc00a2c39e90264f33305004495a9","hash":"28efe3036f95f411a9c52d9dcc040966812bc8e7"}
,"C:\\Users\\aykut\\WebstormProjects\\love-path\\backend\\src\\middleware\\config.js": {"path":"C:\\Users\\aykut\\WebstormProjects\\love-path\\backend\\src\\middleware\\config.js","statementMap":{"0":{"start":{"line":4,"column":0},"end":{"line":4,"column":57}},"1":{"start":{"line":6,"column":15},"end":{"line":14,"column":1}}},"fnMap":{},"branchMap":{},"s":{"0":9,"1":9},"f":{},"b":{},"_coverageSchema":"1a1c01bbd47fc00a2c39e90264f33305004495a9","hash":"a632e185035688bedd6ca7236d06844e2a4543ba"}
,"C:\\Users\\aykut\\WebstormProjects\\love-path\\backend\\src\\middleware\\querystring.js": {"path":"C:\\Users\\aykut\\WebstormProjects\\love-path\\backend\\src\\middleware\\querystring.js","statementMap":{"0":{"start":{"line":2,"column":21},"end":{"line":2,"column":49}},"1":{"start":{"line":3,"column":22},"end":{"line":5,"column":8}},"2":{"start":{"line":7,"column":2},"end":{"line":7,"column":41}}},"fnMap":{"0":{"name":"getQueryString","decl":{"start":{"line":1,"column":24},"end":{"line":1,"column":38}},"loc":{"start":{"line":1,"column":44},"end":{"line":8,"column":1}},"line":1}},"branchMap":{"0":{"loc":{"start":{"line":3,"column":22},"end":{"line":5,"column":8}},"type":"cond-expr","locations":[{"start":{"line":4,"column":6},"end":{"line":4,"column":43}},{"start":{"line":5,"column":6},"end":{"line":5,"column":8}}],"line":3}},"s":{"0":3,"1":3,"2":3},"f":{"0":3},"b":{"0":[0,3]},"_coverageSchema":"1a1c01bbd47fc00a2c39e90264f33305004495a9","hash":"ee369f519aa3f9650ea4740f01493e178af8fba1"}
,"C:\\Users\\aykut\\WebstormProjects\\love-path\\backend\\src\\middleware\\sha256-hasher.js": {"path":"C:\\Users\\aykut\\WebstormProjects\\love-path\\backend\\src\\middleware\\sha256-hasher.js","statementMap":{"0":{"start":{"line":4,"column":2},"end":{"line":4,"column":60}}},"fnMap":{"0":{"name":"hash","decl":{"start":{"line":3,"column":9},"end":{"line":3,"column":13}},"loc":{"start":{"line":3,"column":23},"end":{"line":5,"column":1}},"line":3}},"branchMap":{},"s":{"0":25},"f":{"0":25},"b":{},"_coverageSchema":"1a1c01bbd47fc00a2c39e90264f33305004495a9","hash":"e6862a4ed1d959f9eeeaf7a343a28661dbd87e2f"}
,"C:\\Users\\aykut\\WebstormProjects\\love-path\\backend\\src\\middleware\\uuid-generator.js": {"path":"C:\\Users\\aykut\\WebstormProjects\\love-path\\backend\\src\\middleware\\uuid-generator.js","statementMap":{"0":{"start":{"line":4,"column":2},"end":{"line":4,"column":41}}},"fnMap":{"0":{"name":"generateUUID","decl":{"start":{"line":3,"column":9},"end":{"line":3,"column":21}},"loc":{"start":{"line":3,"column":31},"end":{"line":5,"column":1}},"line":3}},"branchMap":{},"s":{"0":1},"f":{"0":1},"b":{},"_coverageSchema":"1a1c01bbd47fc00a2c39e90264f33305004495a9","hash":"84c90b3148754a8ea9d02cc8b98fbdf2e01c22a6"}
,"C:\\Users\\aykut\\WebstormProjects\\love-path\\backend\\src\\middleware\\winston-logger.js": {"path":"C:\\Users\\aykut\\WebstormProjects\\love-path\\backend\\src\\middleware\\winston-logger.js","statementMap":{"0":{"start":{"line":5,"column":16},"end":{"line":22,"column":1}},"1":{"start":{"line":24,"column":22},"end":{"line":30,"column":2}},"2":{"start":{"line":32,"column":0},"end":{"line":36,"column":2}},"3":{"start":{"line":34,"column":4},"end":{"line":34,"column":32}}},"fnMap":{"0":{"name":"(anonymous_0)","decl":{"start":{"line":33,"column":9},"end":{"line":33,"column":10}},"loc":{"start":{"line":33,"column":37},"end":{"line":35,"column":3}},"line":33}},"branchMap":{"0":{"loc":{"start":{"line":20,"column":12},"end":{"line":20,"column":55}},"type":"cond-expr","locations":[{"start":{"line":20,"column":43},"end":{"line":20,"column":47}},{"start":{"line":20,"column":50},"end":{"line":20,"column":55}}],"line":20}},"s":{"0":8,"1":8,"2":8,"3":53},"f":{"0":53},"b":{"0":[8,0]},"_coverageSchema":"1a1c01bbd47fc00a2c39e90264f33305004495a9","hash":"7b5a590c427ab41c7c06310991dd298264caff9c"}
,"C:\\Users\\aykut\\WebstormProjects\\love-path\\backend\\src\\models\\associations.js": {"path":"C:\\Users\\aykut\\WebstormProjects\\love-path\\backend\\src\\models\\associations.js","statementMap":{"0":{"start":{"line":19,"column":2},"end":{"line":21,"column":5}},"1":{"start":{"line":22,"column":2},"end":{"line":24,"column":5}},"2":{"start":{"line":26,"column":2},"end":{"line":28,"column":5}},"3":{"start":{"line":29,"column":2},"end":{"line":31,"column":5}},"4":{"start":{"line":33,"column":2},"end":{"line":35,"column":5}},"5":{"start":{"line":36,"column":2},"end":{"line":38,"column":5}},"6":{"start":{"line":40,"column":2},"end":{"line":42,"column":5}},"7":{"start":{"line":43,"column":2},"end":{"line":45,"column":5}},"8":{"start":{"line":47,"column":2},"end":{"line":49,"column":5}},"9":{"start":{"line":50,"column":2},"end":{"line":52,"column":5}},"10":{"start":{"line":54,"column":2},"end":{"line":54,"column":58}},"11":{"start":{"line":55,"column":2},"end":{"line":55,"column":58}},"12":{"start":{"line":57,"column":2},"end":{"line":59,"column":5}},"13":{"start":{"line":60,"column":2},"end":{"line":62,"column":5}},"14":{"start":{"line":64,"column":2},"end":{"line":66,"column":5}},"15":{"start":{"line":67,"column":2},"end":{"line":69,"column":5}},"16":{"start":{"line":71,"column":2},"end":{"line":73,"column":5}},"17":{"start":{"line":74,"column":2},"end":{"line":76,"column":5}},"18":{"start":{"line":78,"column":2},"end":{"line":80,"column":5}},"19":{"start":{"line":81,"column":2},"end":{"line":83,"column":5}},"20":{"start":{"line":85,"column":2},"end":{"line":87,"column":5}},"21":{"start":{"line":88,"column":2},"end":{"line":90,"column":5}},"22":{"start":{"line":92,"column":2},"end":{"line":94,"column":5}},"23":{"start":{"line":95,"column":2},"end":{"line":97,"column":5}},"24":{"start":{"line":99,"column":2},"end":{"line":101,"column":5}},"25":{"start":{"line":102,"column":2},"end":{"line":104,"column":5}},"26":{"start":{"line":106,"column":2},"end":{"line":108,"column":5}},"27":{"start":{"line":109,"column":2},"end":{"line":111,"column":5}},"28":{"start":{"line":113,"column":2},"end":{"line":115,"column":5}},"29":{"start":{"line":116,"column":2},"end":{"line":118,"column":5}},"30":{"start":{"line":120,"column":2},"end":{"line":122,"column":5}},"31":{"start":{"line":123,"column":2},"end":{"line":125,"column":5}},"32":{"start":{"line":127,"column":2},"end":{"line":129,"column":5}},"33":{"start":{"line":130,"column":2},"end":{"line":132,"column":5}}},"fnMap":{"0":{"name":"createModelsAndAssociations","decl":{"start":{"line":18,"column":9},"end":{"line":18,"column":36}},"loc":{"start":{"line":18,"column":39},"end":{"line":133,"column":1}},"line":18}},"branchMap":{},"s":{"0":8,"1":8,"2":8,"3":8,"4":8,"5":8,"6":8,"7":8,"8":8,"9":8,"10":8,"11":8,"12":8,"13":8,"14":8,"15":8,"16":8,"17":8,"18":8,"19":8,"20":8,"21":8,"22":8,"23":8,"24":8,"25":8,"26":8,"27":8,"28":8,"29":8,"30":8,"31":8,"32":8,"33":8},"f":{"0":8},"b":{},"_coverageSchema":"1a1c01bbd47fc00a2c39e90264f33305004495a9","hash":"1fb9f5f3ee8d6e1740d64ce7783eeca3e09daa1a"}
,"C:\\Users\\aykut\\WebstormProjects\\love-path\\backend\\src\\models\\breed-type.js": {"path":"C:\\Users\\aykut\\WebstormProjects\\love-path\\backend\\src\\models\\breed-type.js","statementMap":{"0":{"start":{"line":7,"column":0},"end":{"line":21,"column":3}}},"fnMap":{},"branchMap":{},"s":{"0":8},"f":{},"b":{},"_coverageSchema":"1a1c01bbd47fc00a2c39e90264f33305004495a9","hash":"31c8f551ff6bc7c5ef1d9384a649298675b66a9e"}
,"C:\\Users\\aykut\\WebstormProjects\\love-path\\backend\\src\\models\\breed.js": {"path":"C:\\Users\\aykut\\WebstormProjects\\love-path\\backend\\src\\models\\breed.js","statementMap":{"0":{"start":{"line":7,"column":0},"end":{"line":21,"column":3}}},"fnMap":{},"branchMap":{},"s":{"0":8},"f":{},"b":{},"_coverageSchema":"1a1c01bbd47fc00a2c39e90264f33305004495a9","hash":"d4c444fee02783439aba1f31a387af5802907595"}
,"C:\\Users\\aykut\\WebstormProjects\\love-path\\backend\\src\\models\\city.js": {"path":"C:\\Users\\aykut\\WebstormProjects\\love-path\\backend\\src\\models\\city.js","statementMap":{"0":{"start":{"line":7,"column":0},"end":{"line":21,"column":3}}},"fnMap":{},"branchMap":{},"s":{"0":8},"f":{},"b":{},"_coverageSchema":"1a1c01bbd47fc00a2c39e90264f33305004495a9","hash":"49ae8f545555a2ad794e52ceb6cc7ecfd0378d0a"}
,"C:\\Users\\aykut\\WebstormProjects\\love-path\\backend\\src\\models\\comment.js": {"path":"C:\\Users\\aykut\\WebstormProjects\\love-path\\backend\\src\\models\\comment.js","statementMap":{"0":{"start":{"line":7,"column":0},"end":{"line":33,"column":3}}},"fnMap":{},"branchMap":{},"s":{"0":8},"f":{},"b":{},"_coverageSchema":"1a1c01bbd47fc00a2c39e90264f33305004495a9","hash":"0da5f6fe1223d2a6659b6386a6d370b64f5bc68e"}
,"C:\\Users\\aykut\\WebstormProjects\\love-path\\backend\\src\\models\\country.js": {"path":"C:\\Users\\aykut\\WebstormProjects\\love-path\\backend\\src\\models\\country.js","statementMap":{"0":{"start":{"line":7,"column":0},"end":{"line":21,"column":3}}},"fnMap":{},"branchMap":{},"s":{"0":8},"f":{},"b":{},"_coverageSchema":"1a1c01bbd47fc00a2c39e90264f33305004495a9","hash":"9e2e238dcc77f25ffd04ea9c026316360b9fa76a"}
,"C:\\Users\\aykut\\WebstormProjects\\love-path\\backend\\src\\models\\forget-password.js": {"path":"C:\\Users\\aykut\\WebstormProjects\\love-path\\backend\\src\\models\\forget-password.js","statementMap":{"0":{"start":{"line":7,"column":0},"end":{"line":17,"column":3}}},"fnMap":{},"branchMap":{},"s":{"0":8},"f":{},"b":{},"_coverageSchema":"1a1c01bbd47fc00a2c39e90264f33305004495a9","hash":"f07cb9cc3dc334240be0c624c1e2b3b4d2649c63"}
,"C:\\Users\\aykut\\WebstormProjects\\love-path\\backend\\src\\models\\order-product.js": {"path":"C:\\Users\\aykut\\WebstormProjects\\love-path\\backend\\src\\models\\order-product.js","statementMap":{"0":{"start":{"line":7,"column":0},"end":{"line":15,"column":3}}},"fnMap":{},"branchMap":{},"s":{"0":8},"f":{},"b":{},"_coverageSchema":"1a1c01bbd47fc00a2c39e90264f33305004495a9","hash":"cbf250be41477db4148ca9fd75db92c8bd76bac4"}
,"C:\\Users\\aykut\\WebstormProjects\\love-path\\backend\\src\\models\\order.js": {"path":"C:\\Users\\aykut\\WebstormProjects\\love-path\\backend\\src\\models\\order.js","statementMap":{"0":{"start":{"line":7,"column":0},"end":{"line":16,"column":3}}},"fnMap":{},"branchMap":{},"s":{"0":8},"f":{},"b":{},"_coverageSchema":"1a1c01bbd47fc00a2c39e90264f33305004495a9","hash":"ec51bd4e55f58b434d3fe6f8b4ca00699b29a98f"}
,"C:\\Users\\aykut\\WebstormProjects\\love-path\\backend\\src\\models\\pet.js": {"path":"C:\\Users\\aykut\\WebstormProjects\\love-path\\backend\\src\\models\\pet.js","statementMap":{"0":{"start":{"line":7,"column":0},"end":{"line":27,"column":3}}},"fnMap":{},"branchMap":{},"s":{"0":8},"f":{},"b":{},"_coverageSchema":"1a1c01bbd47fc00a2c39e90264f33305004495a9","hash":"00eb3ec7e2fcf54a4b87fd0c8948f1374c155a47"}
,"C:\\Users\\aykut\\WebstormProjects\\love-path\\backend\\src\\models\\product-category.js": {"path":"C:\\Users\\aykut\\WebstormProjects\\love-path\\backend\\src\\models\\product-category.js","statementMap":{"0":{"start":{"line":7,"column":0},"end":{"line":21,"column":3}}},"fnMap":{},"branchMap":{},"s":{"0":8},"f":{},"b":{},"_coverageSchema":"1a1c01bbd47fc00a2c39e90264f33305004495a9","hash":"c6da472d93925ae15034705fedc918608f3ec609"}
,"C:\\Users\\aykut\\WebstormProjects\\love-path\\backend\\src\\models\\product.js": {"path":"C:\\Users\\aykut\\WebstormProjects\\love-path\\backend\\src\\models\\product.js","statementMap":{"0":{"start":{"line":7,"column":0},"end":{"line":29,"column":3}}},"fnMap":{},"branchMap":{},"s":{"0":8},"f":{},"b":{},"_coverageSchema":"1a1c01bbd47fc00a2c39e90264f33305004495a9","hash":"b31f6ae4c66f311ad42d1cc360805f7db9bf622b"}
,"C:\\Users\\aykut\\WebstormProjects\\love-path\\backend\\src\\models\\province.js": {"path":"C:\\Users\\aykut\\WebstormProjects\\love-path\\backend\\src\\models\\province.js","statementMap":{"0":{"start":{"line":7,"column":0},"end":{"line":21,"column":3}}},"fnMap":{},"branchMap":{},"s":{"0":8},"f":{},"b":{},"_coverageSchema":"1a1c01bbd47fc00a2c39e90264f33305004495a9","hash":"4547c06edccf4a87a806a051b89bc9abe5f63a6a"}
,"C:\\Users\\aykut\\WebstormProjects\\love-path\\backend\\src\\models\\treatment-type.js": {"path":"C:\\Users\\aykut\\WebstormProjects\\love-path\\backend\\src\\models\\treatment-type.js","statementMap":{"0":{"start":{"line":7,"column":0},"end":{"line":21,"column":3}}},"fnMap":{},"branchMap":{},"s":{"0":8},"f":{},"b":{},"_coverageSchema":"1a1c01bbd47fc00a2c39e90264f33305004495a9","hash":"8b651ff5e2f4c30b9996007fe95fcde51cf990bd"}
,"C:\\Users\\aykut\\WebstormProjects\\love-path\\backend\\src\\models\\treatment.js": {"path":"C:\\Users\\aykut\\WebstormProjects\\love-path\\backend\\src\\models\\treatment.js","statementMap":{"0":{"start":{"line":7,"column":0},"end":{"line":23,"column":3}}},"fnMap":{},"branchMap":{},"s":{"0":8},"f":{},"b":{},"_coverageSchema":"1a1c01bbd47fc00a2c39e90264f33305004495a9","hash":"4302b4957d90aefef1e590a177531c896ec6594c"}
,"C:\\Users\\aykut\\WebstormProjects\\love-path\\backend\\src\\models\\user-type.js": {"path":"C:\\Users\\aykut\\WebstormProjects\\love-path\\backend\\src\\models\\user-type.js","statementMap":{"0":{"start":{"line":7,"column":0},"end":{"line":21,"column":3}}},"fnMap":{},"branchMap":{},"s":{"0":8},"f":{},"b":{},"_coverageSchema":"1a1c01bbd47fc00a2c39e90264f33305004495a9","hash":"7d21521775ac1e84f1c5b169fcb974660aa4aa3d"}
,"C:\\Users\\aykut\\WebstormProjects\\love-path\\backend\\src\\models\\user.js": {"path":"C:\\Users\\aykut\\WebstormProjects\\love-path\\backend\\src\\models\\user.js","statementMap":{"0":{"start":{"line":8,"column":0},"end":{"line":49,"column":3}},"1":{"start":{"line":51,"column":0},"end":{"line":53,"column":3}},"2":{"start":{"line":52,"column":2},"end":{"line":52,"column":50}},"3":{"start":{"line":55,"column":0},"end":{"line":57,"column":3}},"4":{"start":{"line":56,"column":2},"end":{"line":56,"column":50}}},"fnMap":{"0":{"name":"(anonymous_0)","decl":{"start":{"line":51,"column":18},"end":{"line":51,"column":19}},"loc":{"start":{"line":51,"column":43},"end":{"line":53,"column":1}},"line":51},"1":{"name":"(anonymous_1)","decl":{"start":{"line":55,"column":18},"end":{"line":55,"column":19}},"loc":{"start":{"line":55,"column":43},"end":{"line":57,"column":1}},"line":55}},"branchMap":{},"s":{"0":8,"1":8,"2":10,"3":8,"4":0},"f":{"0":10,"1":0},"b":{},"_coverageSchema":"1a1c01bbd47fc00a2c39e90264f33305004495a9","hash":"c69b653114b547d5123639a8004fa1bbd859ea46"}
,"C:\\Users\\aykut\\WebstormProjects\\love-path\\backend\\src\\repositories\\breed-repository.js": {"path":"C:\\Users\\aykut\\WebstormProjects\\love-path\\backend\\src\\repositories\\breed-repository.js","statementMap":{"0":{"start":{"line":3,"column":18},"end":{"line":32,"column":1}},"1":{"start":{"line":5,"column":4},"end":{"line":5,"column":41}},"2":{"start":{"line":9,"column":4},"end":{"line":9,"column":33}},"3":{"start":{"line":13,"column":4},"end":{"line":13,"column":37}},"4":{"start":{"line":17,"column":4},"end":{"line":21,"column":7}},"5":{"start":{"line":25,"column":4},"end":{"line":30,"column":7}}},"fnMap":{"0":{"name":"(anonymous_0)","decl":{"start":{"line":4,"column":13},"end":{"line":4,"column":14}},"loc":{"start":{"line":4,"column":32},"end":{"line":6,"column":3}},"line":4},"1":{"name":"(anonymous_1)","decl":{"start":{"line":8,"column":14},"end":{"line":8,"column":15}},"loc":{"start":{"line":8,"column":26},"end":{"line":10,"column":3}},"line":8},"2":{"name":"(anonymous_2)","decl":{"start":{"line":12,"column":15},"end":{"line":12,"column":16}},"loc":{"start":{"line":12,"column":32},"end":{"line":14,"column":3}},"line":12},"3":{"name":"(anonymous_3)","decl":{"start":{"line":16,"column":15},"end":{"line":16,"column":16}},"loc":{"start":{"line":16,"column":34},"end":{"line":22,"column":3}},"line":16},"4":{"name":"(anonymous_4)","decl":{"start":{"line":24,"column":15},"end":{"line":24,"column":16}},"loc":{"start":{"line":24,"column":41},"end":{"line":31,"column":3}},"line":24}},"branchMap":{},"s":{"0":8,"1":3,"2":1,"3":1,"4":1,"5":1},"f":{"0":3,"1":1,"2":1,"3":1,"4":1},"b":{},"_coverageSchema":"1a1c01bbd47fc00a2c39e90264f33305004495a9","hash":"d3a0ee85b007f7f89722af85df00a469cfe955b7"}
,"C:\\Users\\aykut\\WebstormProjects\\love-path\\backend\\src\\repositories\\breed-type-repository.js": {"path":"C:\\Users\\aykut\\WebstormProjects\\love-path\\backend\\src\\repositories\\breed-type-repository.js","statementMap":{"0":{"start":{"line":3,"column":22},"end":{"line":32,"column":1}},"1":{"start":{"line":5,"column":4},"end":{"line":5,"column":49}},"2":{"start":{"line":9,"column":4},"end":{"line":9,"column":37}},"3":{"start":{"line":13,"column":4},"end":{"line":13,"column":45}},"4":{"start":{"line":17,"column":4},"end":{"line":21,"column":7}},"5":{"start":{"line":25,"column":4},"end":{"line":30,"column":7}}},"fnMap":{"0":{"name":"(anonymous_0)","decl":{"start":{"line":4,"column":17},"end":{"line":4,"column":18}},"loc":{"start":{"line":4,"column":40},"end":{"line":6,"column":3}},"line":4},"1":{"name":"(anonymous_1)","decl":{"start":{"line":8,"column":18},"end":{"line":8,"column":19}},"loc":{"start":{"line":8,"column":30},"end":{"line":10,"column":3}},"line":8},"2":{"name":"(anonymous_2)","decl":{"start":{"line":12,"column":19},"end":{"line":12,"column":20}},"loc":{"start":{"line":12,"column":40},"end":{"line":14,"column":3}},"line":12},"3":{"name":"(anonymous_3)","decl":{"start":{"line":16,"column":19},"end":{"line":16,"column":20}},"loc":{"start":{"line":16,"column":42},"end":{"line":22,"column":3}},"line":16},"4":{"name":"(anonymous_4)","decl":{"start":{"line":24,"column":19},"end":{"line":24,"column":20}},"loc":{"start":{"line":24,"column":53},"end":{"line":31,"column":3}},"line":24}},"branchMap":{},"s":{"0":8,"1":3,"2":1,"3":1,"4":1,"5":1},"f":{"0":3,"1":1,"2":1,"3":1,"4":1},"b":{},"_coverageSchema":"1a1c01bbd47fc00a2c39e90264f33305004495a9","hash":"09aae69f2fbf41b76d28f3f9c3debd1e63680c33"}
,"C:\\Users\\aykut\\WebstormProjects\\love-path\\backend\\src\\repositories\\city-repository.js": {"path":"C:\\Users\\aykut\\WebstormProjects\\love-path\\backend\\src\\repositories\\city-repository.js","statementMap":{"0":{"start":{"line":5,"column":17},"end":{"line":39,"column":1}},"1":{"start":{"line":7,"column":4},"end":{"line":7,"column":39}},"2":{"start":{"line":11,"column":4},"end":{"line":16,"column":5}},"3":{"start":{"line":12,"column":23},"end":{"line":12,"column":51}},"4":{"start":{"line":13,"column":6},"end":{"line":13,"column":42}},"5":{"start":{"line":15,"column":6},"end":{"line":15,"column":34}},"6":{"start":{"line":20,"column":4},"end":{"line":20,"column":35}},"7":{"start":{"line":24,"column":4},"end":{"line":28,"column":7}},"8":{"start":{"line":32,"column":4},"end":{"line":37,"column":7}}},"fnMap":{"0":{"name":"(anonymous_0)","decl":{"start":{"line":6,"column":12},"end":{"line":6,"column":13}},"loc":{"start":{"line":6,"column":30},"end":{"line":8,"column":3}},"line":6},"1":{"name":"(anonymous_1)","decl":{"start":{"line":10,"column":14},"end":{"line":10,"column":15}},"loc":{"start":{"line":10,"column":31},"end":{"line":17,"column":3}},"line":10},"2":{"name":"(anonymous_2)","decl":{"start":{"line":19,"column":14},"end":{"line":19,"column":15}},"loc":{"start":{"line":19,"column":30},"end":{"line":21,"column":3}},"line":19},"3":{"name":"(anonymous_3)","decl":{"start":{"line":23,"column":14},"end":{"line":23,"column":15}},"loc":{"start":{"line":23,"column":32},"end":{"line":29,"column":3}},"line":23},"4":{"name":"(anonymous_4)","decl":{"start":{"line":31,"column":14},"end":{"line":31,"column":15}},"loc":{"start":{"line":31,"column":38},"end":{"line":38,"column":3}},"line":31}},"branchMap":{"0":{"loc":{"start":{"line":11,"column":4},"end":{"line":16,"column":5}},"type":"if","locations":[{"start":{"line":11,"column":4},"end":{"line":16,"column":5}},{"start":{"line":14,"column":11},"end":{"line":16,"column":5}}],"line":11}},"s":{"0":8,"1":3,"2":1,"3":0,"4":0,"5":1,"6":1,"7":1,"8":1},"f":{"0":3,"1":1,"2":1,"3":1,"4":1},"b":{"0":[0,1]},"_coverageSchema":"1a1c01bbd47fc00a2c39e90264f33305004495a9","hash":"4f3d1f9d081acb2b8895a754ff8b8e5ec203ddfa"}
,"C:\\Users\\aykut\\WebstormProjects\\love-path\\backend\\src\\repositories\\comment-repository.js": {"path":"C:\\Users\\aykut\\WebstormProjects\\love-path\\backend\\src\\repositories\\comment-repository.js","statementMap":{"0":{"start":{"line":3,"column":20},"end":{"line":32,"column":1}},"1":{"start":{"line":5,"column":4},"end":{"line":5,"column":45}},"2":{"start":{"line":9,"column":4},"end":{"line":9,"column":35}},"3":{"start":{"line":13,"column":4},"end":{"line":13,"column":41}},"4":{"start":{"line":17,"column":4},"end":{"line":21,"column":7}},"5":{"start":{"line":25,"column":4},"end":{"line":30,"column":7}}},"fnMap":{"0":{"name":"(anonymous_0)","decl":{"start":{"line":4,"column":15},"end":{"line":4,"column":16}},"loc":{"start":{"line":4,"column":36},"end":{"line":6,"column":3}},"line":4},"1":{"name":"(anonymous_1)","decl":{"start":{"line":8,"column":16},"end":{"line":8,"column":17}},"loc":{"start":{"line":8,"column":28},"end":{"line":10,"column":3}},"line":8},"2":{"name":"(anonymous_2)","decl":{"start":{"line":12,"column":17},"end":{"line":12,"column":18}},"loc":{"start":{"line":12,"column":36},"end":{"line":14,"column":3}},"line":12},"3":{"name":"(anonymous_3)","decl":{"start":{"line":16,"column":17},"end":{"line":16,"column":18}},"loc":{"start":{"line":16,"column":38},"end":{"line":22,"column":3}},"line":16},"4":{"name":"(anonymous_4)","decl":{"start":{"line":24,"column":17},"end":{"line":24,"column":18}},"loc":{"start":{"line":24,"column":47},"end":{"line":31,"column":3}},"line":24}},"branchMap":{},"s":{"0":8,"1":0,"2":0,"3":0,"4":0,"5":0},"f":{"0":0,"1":0,"2":0,"3":0,"4":0},"b":{},"_coverageSchema":"1a1c01bbd47fc00a2c39e90264f33305004495a9","hash":"86aa7c281f38ba428b8915ee20f644116dbe0764"}
,"C:\\Users\\aykut\\WebstormProjects\\love-path\\backend\\src\\repositories\\country-repository.js": {"path":"C:\\Users\\aykut\\WebstormProjects\\love-path\\backend\\src\\repositories\\country-repository.js","statementMap":{"0":{"start":{"line":7,"column":20},"end":{"line":45,"column":1}},"1":{"start":{"line":9,"column":4},"end":{"line":9,"column":45}},"2":{"start":{"line":13,"column":4},"end":{"line":22,"column":5}},"3":{"start":{"line":14,"column":23},"end":{"line":14,"column":51}},"4":{"start":{"line":15,"column":6},"end":{"line":17,"column":7}},"5":{"start":{"line":16,"column":8},"end":{"line":16,"column":72}},"6":{"start":{"line":19,"column":6},"end":{"line":19,"column":45}},"7":{"start":{"line":21,"column":6},"end":{"line":21,"column":37}},"8":{"start":{"line":26,"column":4},"end":{"line":26,"column":41}},"9":{"start":{"line":30,"column":4},"end":{"line":34,"column":7}},"10":{"start":{"line":38,"column":4},"end":{"line":43,"column":7}}},"fnMap":{"0":{"name":"(anonymous_0)","decl":{"start":{"line":8,"column":15},"end":{"line":8,"column":16}},"loc":{"start":{"line":8,"column":36},"end":{"line":10,"column":3}},"line":8},"1":{"name":"(anonymous_1)","decl":{"start":{"line":12,"column":17},"end":{"line":12,"column":18}},"loc":{"start":{"line":12,"column":34},"end":{"line":23,"column":3}},"line":12},"2":{"name":"(anonymous_2)","decl":{"start":{"line":25,"column":17},"end":{"line":25,"column":18}},"loc":{"start":{"line":25,"column":36},"end":{"line":27,"column":3}},"line":25},"3":{"name":"(anonymous_3)","decl":{"start":{"line":29,"column":17},"end":{"line":29,"column":18}},"loc":{"start":{"line":29,"column":38},"end":{"line":35,"column":3}},"line":29},"4":{"name":"(anonymous_4)","decl":{"start":{"line":37,"column":17},"end":{"line":37,"column":18}},"loc":{"start":{"line":37,"column":47},"end":{"line":44,"column":3}},"line":37}},"branchMap":{"0":{"loc":{"start":{"line":13,"column":4},"end":{"line":22,"column":5}},"type":"if","locations":[{"start":{"line":13,"column":4},"end":{"line":22,"column":5}},{"start":{"line":20,"column":11},"end":{"line":22,"column":5}}],"line":13},"1":{"loc":{"start":{"line":15,"column":6},"end":{"line":17,"column":7}},"type":"if","locations":[{"start":{"line":15,"column":6},"end":{"line":17,"column":7}},{"start":{},"end":{}}],"line":15}},"s":{"0":8,"1":3,"2":1,"3":0,"4":0,"5":0,"6":0,"7":1,"8":1,"9":1,"10":1},"f":{"0":3,"1":1,"2":1,"3":1,"4":1},"b":{"0":[0,1],"1":[0,0]},"_coverageSchema":"1a1c01bbd47fc00a2c39e90264f33305004495a9","hash":"20151ea7aa11e5fefd28fbcd86c41be083bcea63"}
,"C:\\Users\\aykut\\WebstormProjects\\love-path\\backend\\src\\repositories\\forget-password-repository.js": {"path":"C:\\Users\\aykut\\WebstormProjects\\love-path\\backend\\src\\repositories\\forget-password-repository.js","statementMap":{"0":{"start":{"line":3,"column":27},"end":{"line":19,"column":1}},"1":{"start":{"line":5,"column":4},"end":{"line":5,"column":59}},"2":{"start":{"line":9,"column":4},"end":{"line":9,"column":55}},"3":{"start":{"line":13,"column":4},"end":{"line":17,"column":7}}},"fnMap":{"0":{"name":"(anonymous_0)","decl":{"start":{"line":4,"column":22},"end":{"line":4,"column":23}},"loc":{"start":{"line":4,"column":50},"end":{"line":6,"column":3}},"line":4},"1":{"name":"(anonymous_1)","decl":{"start":{"line":8,"column":24},"end":{"line":8,"column":25}},"loc":{"start":{"line":8,"column":50},"end":{"line":10,"column":3}},"line":8},"2":{"name":"(anonymous_2)","decl":{"start":{"line":12,"column":24},"end":{"line":12,"column":25}},"loc":{"start":{"line":12,"column":52},"end":{"line":18,"column":3}},"line":12}},"branchMap":{},"s":{"0":8,"1":1,"2":1,"3":1},"f":{"0":1,"1":1,"2":1},"b":{},"_coverageSchema":"1a1c01bbd47fc00a2c39e90264f33305004495a9","hash":"1ef88c1bbcb9b5030534cd85e86d4bbc514495fc"}
,"C:\\Users\\aykut\\WebstormProjects\\love-path\\backend\\src\\repositories\\order-repository.js": {"path":"C:\\Users\\aykut\\WebstormProjects\\love-path\\backend\\src\\repositories\\order-repository.js","statementMap":{"0":{"start":{"line":3,"column":18},"end":{"line":32,"column":1}},"1":{"start":{"line":5,"column":4},"end":{"line":5,"column":41}},"2":{"start":{"line":9,"column":4},"end":{"line":9,"column":33}},"3":{"start":{"line":13,"column":4},"end":{"line":13,"column":37}},"4":{"start":{"line":17,"column":4},"end":{"line":21,"column":7}},"5":{"start":{"line":25,"column":4},"end":{"line":30,"column":7}}},"fnMap":{"0":{"name":"(anonymous_0)","decl":{"start":{"line":4,"column":13},"end":{"line":4,"column":14}},"loc":{"start":{"line":4,"column":32},"end":{"line":6,"column":3}},"line":4},"1":{"name":"(anonymous_1)","decl":{"start":{"line":8,"column":14},"end":{"line":8,"column":15}},"loc":{"start":{"line":8,"column":26},"end":{"line":10,"column":3}},"line":8},"2":{"name":"(anonymous_2)","decl":{"start":{"line":12,"column":15},"end":{"line":12,"column":16}},"loc":{"start":{"line":12,"column":32},"end":{"line":14,"column":3}},"line":12},"3":{"name":"(anonymous_3)","decl":{"start":{"line":16,"column":15},"end":{"line":16,"column":16}},"loc":{"start":{"line":16,"column":34},"end":{"line":22,"column":3}},"line":16},"4":{"name":"(anonymous_4)","decl":{"start":{"line":24,"column":15},"end":{"line":24,"column":16}},"loc":{"start":{"line":24,"column":41},"end":{"line":31,"column":3}},"line":24}},"branchMap":{},"s":{"0":8,"1":0,"2":0,"3":0,"4":0,"5":0},"f":{"0":0,"1":0,"2":0,"3":0,"4":0},"b":{},"_coverageSchema":"1a1c01bbd47fc00a2c39e90264f33305004495a9","hash":"12e260c93f5c753a2cce672126af051e788f047d"}
,"C:\\Users\\aykut\\WebstormProjects\\love-path\\backend\\src\\repositories\\pet-repository.js": {"path":"C:\\Users\\aykut\\WebstormProjects\\love-path\\backend\\src\\repositories\\pet-repository.js","statementMap":{"0":{"start":{"line":3,"column":16},"end":{"line":32,"column":1}},"1":{"start":{"line":5,"column":4},"end":{"line":5,"column":37}},"2":{"start":{"line":9,"column":4},"end":{"line":9,"column":31}},"3":{"start":{"line":13,"column":4},"end":{"line":13,"column":33}},"4":{"start":{"line":17,"column":4},"end":{"line":21,"column":7}},"5":{"start":{"line":25,"column":4},"end":{"line":30,"column":7}}},"fnMap":{"0":{"name":"(anonymous_0)","decl":{"start":{"line":4,"column":11},"end":{"line":4,"column":12}},"loc":{"start":{"line":4,"column":28},"end":{"line":6,"column":3}},"line":4},"1":{"name":"(anonymous_1)","decl":{"start":{"line":8,"column":12},"end":{"line":8,"column":13}},"loc":{"start":{"line":8,"column":24},"end":{"line":10,"column":3}},"line":8},"2":{"name":"(anonymous_2)","decl":{"start":{"line":12,"column":13},"end":{"line":12,"column":14}},"loc":{"start":{"line":12,"column":28},"end":{"line":14,"column":3}},"line":12},"3":{"name":"(anonymous_3)","decl":{"start":{"line":16,"column":13},"end":{"line":16,"column":14}},"loc":{"start":{"line":16,"column":30},"end":{"line":22,"column":3}},"line":16},"4":{"name":"(anonymous_4)","decl":{"start":{"line":24,"column":13},"end":{"line":24,"column":14}},"loc":{"start":{"line":24,"column":35},"end":{"line":31,"column":3}},"line":24}},"branchMap":{},"s":{"0":8,"1":3,"2":1,"3":1,"4":1,"5":1},"f":{"0":3,"1":1,"2":1,"3":1,"4":1},"b":{},"_coverageSchema":"1a1c01bbd47fc00a2c39e90264f33305004495a9","hash":"73fe77e4e754763412d1833fd7cedebf1a567fd3"}
,"C:\\Users\\aykut\\WebstormProjects\\love-path\\backend\\src\\repositories\\product-category-repository.js": {"path":"C:\\Users\\aykut\\WebstormProjects\\love-path\\backend\\src\\repositories\\product-category-repository.js","statementMap":{"0":{"start":{"line":3,"column":28},"end":{"line":32,"column":1}},"1":{"start":{"line":5,"column":4},"end":{"line":5,"column":61}},"2":{"start":{"line":9,"column":4},"end":{"line":9,"column":43}},"3":{"start":{"line":13,"column":4},"end":{"line":13,"column":57}},"4":{"start":{"line":17,"column":4},"end":{"line":21,"column":7}},"5":{"start":{"line":25,"column":4},"end":{"line":30,"column":7}}},"fnMap":{"0":{"name":"(anonymous_0)","decl":{"start":{"line":4,"column":23},"end":{"line":4,"column":24}},"loc":{"start":{"line":4,"column":52},"end":{"line":6,"column":3}},"line":4},"1":{"name":"(anonymous_1)","decl":{"start":{"line":8,"column":25},"end":{"line":8,"column":26}},"loc":{"start":{"line":8,"column":37},"end":{"line":10,"column":3}},"line":8},"2":{"name":"(anonymous_2)","decl":{"start":{"line":12,"column":25},"end":{"line":12,"column":26}},"loc":{"start":{"line":12,"column":52},"end":{"line":14,"column":3}},"line":12},"3":{"name":"(anonymous_3)","decl":{"start":{"line":16,"column":25},"end":{"line":16,"column":26}},"loc":{"start":{"line":16,"column":54},"end":{"line":22,"column":3}},"line":16},"4":{"name":"(anonymous_4)","decl":{"start":{"line":24,"column":25},"end":{"line":24,"column":26}},"loc":{"start":{"line":24,"column":71},"end":{"line":31,"column":3}},"line":24}},"branchMap":{},"s":{"0":8,"1":0,"2":0,"3":0,"4":0,"5":0},"f":{"0":0,"1":0,"2":0,"3":0,"4":0},"b":{},"_coverageSchema":"1a1c01bbd47fc00a2c39e90264f33305004495a9","hash":"9f4e59bf597fc282ba552a9695c2a9f167935ac8"}
,"C:\\Users\\aykut\\WebstormProjects\\love-path\\backend\\src\\repositories\\product-repository.js": {"path":"C:\\Users\\aykut\\WebstormProjects\\love-path\\backend\\src\\repositories\\product-repository.js","statementMap":{"0":{"start":{"line":3,"column":20},"end":{"line":32,"column":1}},"1":{"start":{"line":5,"column":4},"end":{"line":5,"column":45}},"2":{"start":{"line":9,"column":4},"end":{"line":9,"column":35}},"3":{"start":{"line":13,"column":4},"end":{"line":13,"column":41}},"4":{"start":{"line":17,"column":4},"end":{"line":21,"column":7}},"5":{"start":{"line":25,"column":4},"end":{"line":30,"column":7}}},"fnMap":{"0":{"name":"(anonymous_0)","decl":{"start":{"line":4,"column":15},"end":{"line":4,"column":16}},"loc":{"start":{"line":4,"column":36},"end":{"line":6,"column":3}},"line":4},"1":{"name":"(anonymous_1)","decl":{"start":{"line":8,"column":16},"end":{"line":8,"column":17}},"loc":{"start":{"line":8,"column":28},"end":{"line":10,"column":3}},"line":8},"2":{"name":"(anonymous_2)","decl":{"start":{"line":12,"column":17},"end":{"line":12,"column":18}},"loc":{"start":{"line":12,"column":36},"end":{"line":14,"column":3}},"line":12},"3":{"name":"(anonymous_3)","decl":{"start":{"line":16,"column":17},"end":{"line":16,"column":18}},"loc":{"start":{"line":16,"column":38},"end":{"line":22,"column":3}},"line":16},"4":{"name":"(anonymous_4)","decl":{"start":{"line":24,"column":17},"end":{"line":24,"column":18}},"loc":{"start":{"line":24,"column":47},"end":{"line":31,"column":3}},"line":24}},"branchMap":{},"s":{"0":8,"1":0,"2":0,"3":0,"4":0,"5":0},"f":{"0":0,"1":0,"2":0,"3":0,"4":0},"b":{},"_coverageSchema":"1a1c01bbd47fc00a2c39e90264f33305004495a9","hash":"87de7cf02367b6e33190a045c46b8afdac059321"}
,"C:\\Users\\aykut\\WebstormProjects\\love-path\\backend\\src\\repositories\\province-repository.js": {"path":"C:\\Users\\aykut\\WebstormProjects\\love-path\\backend\\src\\repositories\\province-repository.js","statementMap":{"0":{"start":{"line":3,"column":21},"end":{"line":38,"column":1}},"1":{"start":{"line":5,"column":4},"end":{"line":5,"column":47}},"2":{"start":{"line":9,"column":4},"end":{"line":15,"column":5}},"3":{"start":{"line":10,"column":6},"end":{"line":12,"column":9}},"4":{"start":{"line":14,"column":6},"end":{"line":14,"column":38}},"5":{"start":{"line":19,"column":4},"end":{"line":19,"column":43}},"6":{"start":{"line":23,"column":4},"end":{"line":27,"column":7}},"7":{"start":{"line":31,"column":4},"end":{"line":36,"column":7}}},"fnMap":{"0":{"name":"(anonymous_0)","decl":{"start":{"line":4,"column":16},"end":{"line":4,"column":17}},"loc":{"start":{"line":4,"column":38},"end":{"line":6,"column":3}},"line":4},"1":{"name":"(anonymous_1)","decl":{"start":{"line":8,"column":17},"end":{"line":8,"column":18}},"loc":{"start":{"line":8,"column":34},"end":{"line":16,"column":3}},"line":8},"2":{"name":"(anonymous_2)","decl":{"start":{"line":18,"column":18},"end":{"line":18,"column":19}},"loc":{"start":{"line":18,"column":38},"end":{"line":20,"column":3}},"line":18},"3":{"name":"(anonymous_3)","decl":{"start":{"line":22,"column":18},"end":{"line":22,"column":19}},"loc":{"start":{"line":22,"column":40},"end":{"line":28,"column":3}},"line":22},"4":{"name":"(anonymous_4)","decl":{"start":{"line":30,"column":18},"end":{"line":30,"column":19}},"loc":{"start":{"line":30,"column":50},"end":{"line":37,"column":3}},"line":30}},"branchMap":{"0":{"loc":{"start":{"line":9,"column":4},"end":{"line":15,"column":5}},"type":"if","locations":[{"start":{"line":9,"column":4},"end":{"line":15,"column":5}},{"start":{"line":13,"column":11},"end":{"line":15,"column":5}}],"line":9}},"s":{"0":8,"1":3,"2":1,"3":0,"4":1,"5":1,"6":1,"7":1},"f":{"0":3,"1":1,"2":1,"3":1,"4":1},"b":{"0":[0,1]},"_coverageSchema":"1a1c01bbd47fc00a2c39e90264f33305004495a9","hash":"74d1e7388fc8372d04e2339a95ed71a35ff52f90"}
,"C:\\Users\\aykut\\WebstormProjects\\love-path\\backend\\src\\repositories\\treatment-repository.js": {"path":"C:\\Users\\aykut\\WebstormProjects\\love-path\\backend\\src\\repositories\\treatment-repository.js","statementMap":{"0":{"start":{"line":3,"column":22},"end":{"line":32,"column":1}},"1":{"start":{"line":5,"column":4},"end":{"line":5,"column":49}},"2":{"start":{"line":9,"column":4},"end":{"line":9,"column":37}},"3":{"start":{"line":13,"column":4},"end":{"line":13,"column":45}},"4":{"start":{"line":17,"column":4},"end":{"line":21,"column":7}},"5":{"start":{"line":25,"column":4},"end":{"line":30,"column":7}}},"fnMap":{"0":{"name":"(anonymous_0)","decl":{"start":{"line":4,"column":17},"end":{"line":4,"column":18}},"loc":{"start":{"line":4,"column":40},"end":{"line":6,"column":3}},"line":4},"1":{"name":"(anonymous_1)","decl":{"start":{"line":8,"column":18},"end":{"line":8,"column":19}},"loc":{"start":{"line":8,"column":30},"end":{"line":10,"column":3}},"line":8},"2":{"name":"(anonymous_2)","decl":{"start":{"line":12,"column":19},"end":{"line":12,"column":20}},"loc":{"start":{"line":12,"column":40},"end":{"line":14,"column":3}},"line":12},"3":{"name":"(anonymous_3)","decl":{"start":{"line":16,"column":19},"end":{"line":16,"column":20}},"loc":{"start":{"line":16,"column":42},"end":{"line":22,"column":3}},"line":16},"4":{"name":"(anonymous_4)","decl":{"start":{"line":24,"column":19},"end":{"line":24,"column":20}},"loc":{"start":{"line":24,"column":53},"end":{"line":31,"column":3}},"line":24}},"branchMap":{},"s":{"0":8,"1":0,"2":0,"3":0,"4":0,"5":0},"f":{"0":0,"1":0,"2":0,"3":0,"4":0},"b":{},"_coverageSchema":"1a1c01bbd47fc00a2c39e90264f33305004495a9","hash":"f7a09bcc2fa993b555f6cce27d59a7f2276203fc"}
,"C:\\Users\\aykut\\WebstormProjects\\love-path\\backend\\src\\repositories\\treatment-type-repository.js": {"path":"C:\\Users\\aykut\\WebstormProjects\\love-path\\backend\\src\\repositories\\treatment-type-repository.js","statementMap":{"0":{"start":{"line":3,"column":26},"end":{"line":32,"column":1}},"1":{"start":{"line":5,"column":4},"end":{"line":5,"column":57}},"2":{"start":{"line":9,"column":4},"end":{"line":9,"column":41}},"3":{"start":{"line":13,"column":4},"end":{"line":13,"column":53}},"4":{"start":{"line":17,"column":4},"end":{"line":21,"column":7}},"5":{"start":{"line":25,"column":4},"end":{"line":30,"column":7}}},"fnMap":{"0":{"name":"(anonymous_0)","decl":{"start":{"line":4,"column":21},"end":{"line":4,"column":22}},"loc":{"start":{"line":4,"column":48},"end":{"line":6,"column":3}},"line":4},"1":{"name":"(anonymous_1)","decl":{"start":{"line":8,"column":22},"end":{"line":8,"column":23}},"loc":{"start":{"line":8,"column":34},"end":{"line":10,"column":3}},"line":8},"2":{"name":"(anonymous_2)","decl":{"start":{"line":12,"column":23},"end":{"line":12,"column":24}},"loc":{"start":{"line":12,"column":48},"end":{"line":14,"column":3}},"line":12},"3":{"name":"(anonymous_3)","decl":{"start":{"line":16,"column":23},"end":{"line":16,"column":24}},"loc":{"start":{"line":16,"column":50},"end":{"line":22,"column":3}},"line":16},"4":{"name":"(anonymous_4)","decl":{"start":{"line":24,"column":23},"end":{"line":24,"column":24}},"loc":{"start":{"line":24,"column":65},"end":{"line":31,"column":3}},"line":24}},"branchMap":{},"s":{"0":8,"1":0,"2":0,"3":0,"4":0,"5":0},"f":{"0":0,"1":0,"2":0,"3":0,"4":0},"b":{},"_coverageSchema":"1a1c01bbd47fc00a2c39e90264f33305004495a9","hash":"2602a07bd6c5c3aeddddbd5d7f215a941881dd38"}
,"C:\\Users\\aykut\\WebstormProjects\\love-path\\backend\\src\\repositories\\user-repository.js": {"path":"C:\\Users\\aykut\\WebstormProjects\\love-path\\backend\\src\\repositories\\user-repository.js","statementMap":{"0":{"start":{"line":4,"column":17},"end":{"line":52,"column":1}},"1":{"start":{"line":6,"column":4},"end":{"line":10,"column":7}},"2":{"start":{"line":14,"column":4},"end":{"line":21,"column":7}},"3":{"start":{"line":25,"column":4},"end":{"line":25,"column":39}},"4":{"start":{"line":29,"column":4},"end":{"line":29,"column":32}},"5":{"start":{"line":33,"column":4},"end":{"line":33,"column":35}},"6":{"start":{"line":37,"column":4},"end":{"line":41,"column":7}},"7":{"start":{"line":45,"column":4},"end":{"line":50,"column":7}}},"fnMap":{"0":{"name":"(anonymous_0)","decl":{"start":{"line":5,"column":22},"end":{"line":5,"column":23}},"loc":{"start":{"line":5,"column":42},"end":{"line":11,"column":3}},"line":5},"1":{"name":"(anonymous_1)","decl":{"start":{"line":13,"column":28},"end":{"line":13,"column":29}},"loc":{"start":{"line":13,"column":54},"end":{"line":22,"column":3}},"line":13},"2":{"name":"(anonymous_2)","decl":{"start":{"line":24,"column":12},"end":{"line":24,"column":13}},"loc":{"start":{"line":24,"column":30},"end":{"line":26,"column":3}},"line":24},"3":{"name":"(anonymous_3)","decl":{"start":{"line":28,"column":13},"end":{"line":28,"column":14}},"loc":{"start":{"line":28,"column":25},"end":{"line":30,"column":3}},"line":28},"4":{"name":"(anonymous_4)","decl":{"start":{"line":32,"column":14},"end":{"line":32,"column":15}},"loc":{"start":{"line":32,"column":30},"end":{"line":34,"column":3}},"line":32},"5":{"name":"(anonymous_5)","decl":{"start":{"line":36,"column":14},"end":{"line":36,"column":15}},"loc":{"start":{"line":36,"column":32},"end":{"line":42,"column":3}},"line":36},"6":{"name":"(anonymous_6)","decl":{"start":{"line":44,"column":14},"end":{"line":44,"column":15}},"loc":{"start":{"line":44,"column":38},"end":{"line":51,"column":3}},"line":44}},"branchMap":{},"s":{"0":8,"1":0,"2":2,"3":4,"4":1,"5":2,"6":1,"7":2},"f":{"0":0,"1":2,"2":4,"3":1,"4":2,"5":1,"6":2},"b":{},"_coverageSchema":"1a1c01bbd47fc00a2c39e90264f33305004495a9","hash":"a5ccf4df899634d82ac8da83e4f8a6e0f2cb5c8a"}
,"C:\\Users\\aykut\\WebstormProjects\\love-path\\backend\\src\\repositories\\user-type-repository.js": {"path":"C:\\Users\\aykut\\WebstormProjects\\love-path\\backend\\src\\repositories\\user-type-repository.js","statementMap":{"0":{"start":{"line":3,"column":21},"end":{"line":32,"column":1}},"1":{"start":{"line":5,"column":4},"end":{"line":5,"column":47}},"2":{"start":{"line":9,"column":4},"end":{"line":9,"column":36}},"3":{"start":{"line":13,"column":4},"end":{"line":13,"column":43}},"4":{"start":{"line":17,"column":4},"end":{"line":21,"column":7}},"5":{"start":{"line":25,"column":4},"end":{"line":30,"column":7}}},"fnMap":{"0":{"name":"(anonymous_0)","decl":{"start":{"line":4,"column":16},"end":{"line":4,"column":17}},"loc":{"start":{"line":4,"column":38},"end":{"line":6,"column":3}},"line":4},"1":{"name":"(anonymous_1)","decl":{"start":{"line":8,"column":17},"end":{"line":8,"column":18}},"loc":{"start":{"line":8,"column":29},"end":{"line":10,"column":3}},"line":8},"2":{"name":"(anonymous_2)","decl":{"start":{"line":12,"column":18},"end":{"line":12,"column":19}},"loc":{"start":{"line":12,"column":38},"end":{"line":14,"column":3}},"line":12},"3":{"name":"(anonymous_3)","decl":{"start":{"line":16,"column":18},"end":{"line":16,"column":19}},"loc":{"start":{"line":16,"column":40},"end":{"line":22,"column":3}},"line":16},"4":{"name":"(anonymous_4)","decl":{"start":{"line":24,"column":18},"end":{"line":24,"column":19}},"loc":{"start":{"line":24,"column":50},"end":{"line":31,"column":3}},"line":24}},"branchMap":{},"s":{"0":8,"1":0,"2":0,"3":0,"4":0,"5":0},"f":{"0":0,"1":0,"2":0,"3":0,"4":0},"b":{},"_coverageSchema":"1a1c01bbd47fc00a2c39e90264f33305004495a9","hash":"f45e1bfa16d477ffda776a55dc8b9517788c8fde"}
,"C:\\Users\\aykut\\WebstormProjects\\love-path\\backend\\src\\routes\\v1Router.js": {"path":"C:\\Users\\aykut\\WebstormProjects\\love-path\\backend\\src\\routes\\v1Router.js","statementMap":{"0":{"start":{"line":19,"column":17},"end":{"line":19,"column":33}},"1":{"start":{"line":21,"column":0},"end":{"line":21,"column":34}},"2":{"start":{"line":22,"column":0},"end":{"line":22,"column":42}},"3":{"start":{"line":23,"column":0},"end":{"line":23,"column":36}},"4":{"start":{"line":24,"column":0},"end":{"line":24,"column":43}},"5":{"start":{"line":25,"column":0},"end":{"line":25,"column":37}},"6":{"start":{"line":26,"column":0},"end":{"line":26,"column":35}},"7":{"start":{"line":27,"column":0},"end":{"line":27,"column":41}},"8":{"start":{"line":28,"column":0},"end":{"line":28,"column":37}},"9":{"start":{"line":29,"column":0},"end":{"line":29,"column":33}},"10":{"start":{"line":30,"column":0},"end":{"line":30,"column":58}},"11":{"start":{"line":31,"column":0},"end":{"line":31,"column":41}},"12":{"start":{"line":32,"column":0},"end":{"line":32,"column":45}},"13":{"start":{"line":33,"column":0},"end":{"line":33,"column":53}},"14":{"start":{"line":34,"column":0},"end":{"line":34,"column":43}},"15":{"start":{"line":35,"column":0},"end":{"line":35,"column":45}}},"fnMap":{},"branchMap":{},"s":{"0":8,"1":8,"2":8,"3":8,"4":8,"5":8,"6":8,"7":8,"8":8,"9":8,"10":8,"11":8,"12":8,"13":8,"14":8,"15":8},"f":{},"b":{},"_coverageSchema":"1a1c01bbd47fc00a2c39e90264f33305004495a9","hash":"42e13981d15fc288d41ae87efe711ad0a2ad5677"}
,"C:\\Users\\aykut\\WebstormProjects\\love-path\\backend\\src\\routes\\v1\\auth.js": {"path":"C:\\Users\\aykut\\WebstormProjects\\love-path\\backend\\src\\routes\\v1\\auth.js","statementMap":{"0":{"start":{"line":4,"column":19},"end":{"line":4,"column":35}},"1":{"start":{"line":6,"column":0},"end":{"line":13,"column":3}},"2":{"start":{"line":7,"column":2},"end":{"line":12,"column":3}},"3":{"start":{"line":8,"column":37},"end":{"line":8,"column":71}},"4":{"start":{"line":9,"column":4},"end":{"line":9,"column":65}},"5":{"start":{"line":11,"column":4},"end":{"line":11,"column":12}},"6":{"start":{"line":15,"column":0},"end":{"line":22,"column":3}},"7":{"start":{"line":16,"column":2},"end":{"line":21,"column":3}},"8":{"start":{"line":17,"column":37},"end":{"line":17,"column":70}},"9":{"start":{"line":18,"column":4},"end":{"line":18,"column":65}},"10":{"start":{"line":20,"column":4},"end":{"line":20,"column":12}},"11":{"start":{"line":24,"column":0},"end":{"line":31,"column":3}},"12":{"start":{"line":25,"column":2},"end":{"line":30,"column":3}},"13":{"start":{"line":26,"column":30},"end":{"line":26,"column":72}},"14":{"start":{"line":27,"column":4},"end":{"line":27,"column":51}},"15":{"start":{"line":29,"column":4},"end":{"line":29,"column":12}},"16":{"start":{"line":33,"column":0},"end":{"line":40,"column":3}},"17":{"start":{"line":34,"column":2},"end":{"line":39,"column":3}},"18":{"start":{"line":35,"column":30},"end":{"line":35,"column":71}},"19":{"start":{"line":36,"column":4},"end":{"line":36,"column":51}},"20":{"start":{"line":38,"column":4},"end":{"line":38,"column":12}},"21":{"start":{"line":42,"column":0},"end":{"line":49,"column":3}},"22":{"start":{"line":43,"column":2},"end":{"line":48,"column":3}},"23":{"start":{"line":44,"column":25},"end":{"line":44,"column":79}},"24":{"start":{"line":45,"column":4},"end":{"line":45,"column":58}},"25":{"start":{"line":47,"column":4},"end":{"line":47,"column":12}}},"fnMap":{"0":{"name":"(anonymous_0)","decl":{"start":{"line":6,"column":27},"end":{"line":6,"column":28}},"loc":{"start":{"line":6,"column":53},"end":{"line":13,"column":1}},"line":6},"1":{"name":"(anonymous_1)","decl":{"start":{"line":15,"column":26},"end":{"line":15,"column":27}},"loc":{"start":{"line":15,"column":52},"end":{"line":22,"column":1}},"line":15},"2":{"name":"(anonymous_2)","decl":{"start":{"line":24,"column":35},"end":{"line":24,"column":36}},"loc":{"start":{"line":24,"column":61},"end":{"line":31,"column":1}},"line":24},"3":{"name":"(anonymous_3)","decl":{"start":{"line":33,"column":34},"end":{"line":33,"column":35}},"loc":{"start":{"line":33,"column":60},"end":{"line":40,"column":1}},"line":33},"4":{"name":"(anonymous_4)","decl":{"start":{"line":42,"column":36},"end":{"line":42,"column":37}},"loc":{"start":{"line":42,"column":62},"end":{"line":49,"column":1}},"line":42}},"branchMap":{},"s":{"0":8,"1":8,"2":1,"3":1,"4":1,"5":0,"6":8,"7":1,"8":1,"9":1,"10":0,"11":8,"12":1,"13":1,"14":1,"15":0,"16":8,"17":1,"18":1,"19":1,"20":0,"21":8,"22":0,"23":0,"24":0,"25":0},"f":{"0":1,"1":1,"2":1,"3":1,"4":0},"b":{},"_coverageSchema":"1a1c01bbd47fc00a2c39e90264f33305004495a9","hash":"ea3841e2e045d72bdd11a0c7752adc10e9a03392"}
,"C:\\Users\\aykut\\WebstormProjects\\love-path\\backend\\src\\routes\\v1\\breed-type.js": {"path":"C:\\Users\\aykut\\WebstormProjects\\love-path\\backend\\src\\routes\\v1\\breed-type.js","statementMap":{"0":{"start":{"line":4,"column":24},"end":{"line":4,"column":40}},"1":{"start":{"line":6,"column":0},"end":{"line":13,"column":3}},"2":{"start":{"line":7,"column":2},"end":{"line":12,"column":3}},"3":{"start":{"line":8,"column":22},"end":{"line":8,"column":70}},"4":{"start":{"line":9,"column":4},"end":{"line":9,"column":43}},"5":{"start":{"line":11,"column":4},"end":{"line":11,"column":12}},"6":{"start":{"line":15,"column":0},"end":{"line":22,"column":3}},"7":{"start":{"line":16,"column":2},"end":{"line":21,"column":3}},"8":{"start":{"line":17,"column":23},"end":{"line":17,"column":62}},"9":{"start":{"line":18,"column":4},"end":{"line":18,"column":44}},"10":{"start":{"line":20,"column":4},"end":{"line":20,"column":12}},"11":{"start":{"line":24,"column":0},"end":{"line":36,"column":3}},"12":{"start":{"line":25,"column":2},"end":{"line":35,"column":3}},"13":{"start":{"line":26,"column":22},"end":{"line":27,"column":31}},"14":{"start":{"line":28,"column":4},"end":{"line":32,"column":5}},"15":{"start":{"line":29,"column":6},"end":{"line":29,"column":45}},"16":{"start":{"line":31,"column":6},"end":{"line":31,"column":33}},"17":{"start":{"line":34,"column":4},"end":{"line":34,"column":12}},"18":{"start":{"line":38,"column":0},"end":{"line":45,"column":3}},"19":{"start":{"line":39,"column":2},"end":{"line":44,"column":3}},"20":{"start":{"line":40,"column":4},"end":{"line":40,"column":67}},"21":{"start":{"line":41,"column":4},"end":{"line":41,"column":31}},"22":{"start":{"line":43,"column":4},"end":{"line":43,"column":12}},"23":{"start":{"line":47,"column":0},"end":{"line":55,"column":3}},"24":{"start":{"line":48,"column":2},"end":{"line":54,"column":3}},"25":{"start":{"line":49,"column":27},"end":{"line":50,"column":41}},"26":{"start":{"line":51,"column":4},"end":{"line":51,"column":44}},"27":{"start":{"line":53,"column":4},"end":{"line":53,"column":12}}},"fnMap":{"0":{"name":"(anonymous_0)","decl":{"start":{"line":6,"column":26},"end":{"line":6,"column":27}},"loc":{"start":{"line":6,"column":52},"end":{"line":13,"column":1}},"line":6},"1":{"name":"(anonymous_1)","decl":{"start":{"line":15,"column":25},"end":{"line":15,"column":26}},"loc":{"start":{"line":15,"column":51},"end":{"line":22,"column":1}},"line":15},"2":{"name":"(anonymous_2)","decl":{"start":{"line":24,"column":37},"end":{"line":24,"column":38}},"loc":{"start":{"line":24,"column":63},"end":{"line":36,"column":1}},"line":24},"3":{"name":"(anonymous_3)","decl":{"start":{"line":38,"column":40},"end":{"line":38,"column":41}},"loc":{"start":{"line":38,"column":66},"end":{"line":45,"column":1}},"line":38},"4":{"name":"(anonymous_4)","decl":{"start":{"line":47,"column":37},"end":{"line":47,"column":38}},"loc":{"start":{"line":47,"column":63},"end":{"line":55,"column":1}},"line":47}},"branchMap":{"0":{"loc":{"start":{"line":28,"column":4},"end":{"line":32,"column":5}},"type":"if","locations":[{"start":{"line":28,"column":4},"end":{"line":32,"column":5}},{"start":{"line":30,"column":11},"end":{"line":32,"column":5}}],"line":28}},"s":{"0":8,"1":8,"2":1,"3":1,"4":1,"5":0,"6":8,"7":1,"8":1,"9":1,"10":0,"11":8,"12":3,"13":3,"14":3,"15":2,"16":1,"17":0,"18":8,"19":1,"20":1,"21":1,"22":0,"23":8,"24":1,"25":1,"26":1,"27":0},"f":{"0":1,"1":1,"2":3,"3":1,"4":1},"b":{"0":[2,1]},"_coverageSchema":"1a1c01bbd47fc00a2c39e90264f33305004495a9","hash":"887a69638db0dd7bbaef5fecd0050b49dbf30b46"}
,"C:\\Users\\aykut\\WebstormProjects\\love-path\\backend\\src\\routes\\v1\\breed.js": {"path":"C:\\Users\\aykut\\WebstormProjects\\love-path\\backend\\src\\routes\\v1\\breed.js","statementMap":{"0":{"start":{"line":4,"column":20},"end":{"line":4,"column":36}},"1":{"start":{"line":6,"column":0},"end":{"line":13,"column":3}},"2":{"start":{"line":7,"column":2},"end":{"line":12,"column":3}},"3":{"start":{"line":8,"column":18},"end":{"line":8,"column":58}},"4":{"start":{"line":9,"column":4},"end":{"line":9,"column":39}},"5":{"start":{"line":11,"column":4},"end":{"line":11,"column":12}},"6":{"start":{"line":15,"column":0},"end":{"line":22,"column":3}},"7":{"start":{"line":16,"column":2},"end":{"line":21,"column":3}},"8":{"start":{"line":17,"column":19},"end":{"line":17,"column":50}},"9":{"start":{"line":18,"column":4},"end":{"line":18,"column":40}},"10":{"start":{"line":20,"column":4},"end":{"line":20,"column":12}},"11":{"start":{"line":24,"column":0},"end":{"line":35,"column":3}},"12":{"start":{"line":25,"column":2},"end":{"line":34,"column":3}},"13":{"start":{"line":26,"column":18},"end":{"line":26,"column":66}},"14":{"start":{"line":27,"column":4},"end":{"line":31,"column":5}},"15":{"start":{"line":28,"column":6},"end":{"line":28,"column":41}},"16":{"start":{"line":30,"column":6},"end":{"line":30,"column":33}},"17":{"start":{"line":33,"column":4},"end":{"line":33,"column":12}},"18":{"start":{"line":37,"column":0},"end":{"line":44,"column":3}},"19":{"start":{"line":38,"column":2},"end":{"line":43,"column":3}},"20":{"start":{"line":39,"column":4},"end":{"line":39,"column":55}},"21":{"start":{"line":40,"column":4},"end":{"line":40,"column":31}},"22":{"start":{"line":42,"column":4},"end":{"line":42,"column":12}},"23":{"start":{"line":46,"column":0},"end":{"line":54,"column":3}},"24":{"start":{"line":47,"column":2},"end":{"line":53,"column":3}},"25":{"start":{"line":48,"column":23},"end":{"line":49,"column":17}},"26":{"start":{"line":50,"column":4},"end":{"line":50,"column":40}},"27":{"start":{"line":52,"column":4},"end":{"line":52,"column":12}}},"fnMap":{"0":{"name":"(anonymous_0)","decl":{"start":{"line":6,"column":22},"end":{"line":6,"column":23}},"loc":{"start":{"line":6,"column":48},"end":{"line":13,"column":1}},"line":6},"1":{"name":"(anonymous_1)","decl":{"start":{"line":15,"column":21},"end":{"line":15,"column":22}},"loc":{"start":{"line":15,"column":47},"end":{"line":22,"column":1}},"line":15},"2":{"name":"(anonymous_2)","decl":{"start":{"line":24,"column":29},"end":{"line":24,"column":30}},"loc":{"start":{"line":24,"column":55},"end":{"line":35,"column":1}},"line":24},"3":{"name":"(anonymous_3)","decl":{"start":{"line":37,"column":32},"end":{"line":37,"column":33}},"loc":{"start":{"line":37,"column":58},"end":{"line":44,"column":1}},"line":37},"4":{"name":"(anonymous_4)","decl":{"start":{"line":46,"column":29},"end":{"line":46,"column":30}},"loc":{"start":{"line":46,"column":55},"end":{"line":54,"column":1}},"line":46}},"branchMap":{"0":{"loc":{"start":{"line":27,"column":4},"end":{"line":31,"column":5}},"type":"if","locations":[{"start":{"line":27,"column":4},"end":{"line":31,"column":5}},{"start":{"line":29,"column":11},"end":{"line":31,"column":5}}],"line":27}},"s":{"0":8,"1":8,"2":1,"3":1,"4":1,"5":0,"6":8,"7":1,"8":1,"9":1,"10":0,"11":8,"12":3,"13":3,"14":3,"15":2,"16":1,"17":0,"18":8,"19":1,"20":1,"21":1,"22":0,"23":8,"24":1,"25":1,"26":1,"27":0},"f":{"0":1,"1":1,"2":3,"3":1,"4":1},"b":{"0":[2,1]},"_coverageSchema":"1a1c01bbd47fc00a2c39e90264f33305004495a9","hash":"0ecd8ec9eed76b8efe84d989194dab442ab0d8df"}
,"C:\\Users\\aykut\\WebstormProjects\\love-path\\backend\\src\\routes\\v1\\city.js": {"path":"C:\\Users\\aykut\\WebstormProjects\\love-path\\backend\\src\\routes\\v1\\city.js","statementMap":{"0":{"start":{"line":5,"column":19},"end":{"line":5,"column":35}},"1":{"start":{"line":7,"column":0},"end":{"line":14,"column":3}},"2":{"start":{"line":8,"column":2},"end":{"line":13,"column":3}},"3":{"start":{"line":9,"column":17},"end":{"line":9,"column":55}},"4":{"start":{"line":10,"column":4},"end":{"line":10,"column":38}},"5":{"start":{"line":12,"column":4},"end":{"line":12,"column":12}},"6":{"start":{"line":16,"column":0},"end":{"line":23,"column":3}},"7":{"start":{"line":17,"column":2},"end":{"line":22,"column":3}},"8":{"start":{"line":18,"column":19},"end":{"line":18,"column":68}},"9":{"start":{"line":19,"column":4},"end":{"line":19,"column":40}},"10":{"start":{"line":21,"column":4},"end":{"line":21,"column":12}},"11":{"start":{"line":25,"column":0},"end":{"line":36,"column":3}},"12":{"start":{"line":26,"column":2},"end":{"line":35,"column":3}},"13":{"start":{"line":27,"column":17},"end":{"line":27,"column":62}},"14":{"start":{"line":28,"column":4},"end":{"line":32,"column":5}},"15":{"start":{"line":29,"column":6},"end":{"line":29,"column":40}},"16":{"start":{"line":31,"column":6},"end":{"line":31,"column":33}},"17":{"start":{"line":34,"column":4},"end":{"line":34,"column":12}},"18":{"start":{"line":38,"column":0},"end":{"line":45,"column":3}},"19":{"start":{"line":39,"column":2},"end":{"line":44,"column":3}},"20":{"start":{"line":40,"column":4},"end":{"line":40,"column":52}},"21":{"start":{"line":41,"column":4},"end":{"line":41,"column":31}},"22":{"start":{"line":43,"column":4},"end":{"line":43,"column":12}},"23":{"start":{"line":47,"column":0},"end":{"line":55,"column":3}},"24":{"start":{"line":48,"column":2},"end":{"line":54,"column":3}},"25":{"start":{"line":50,"column":6},"end":{"line":50,"column":63}},"26":{"start":{"line":51,"column":4},"end":{"line":51,"column":40}},"27":{"start":{"line":53,"column":4},"end":{"line":53,"column":12}}},"fnMap":{"0":{"name":"(anonymous_0)","decl":{"start":{"line":7,"column":21},"end":{"line":7,"column":22}},"loc":{"start":{"line":7,"column":47},"end":{"line":14,"column":1}},"line":7},"1":{"name":"(anonymous_1)","decl":{"start":{"line":16,"column":20},"end":{"line":16,"column":21}},"loc":{"start":{"line":16,"column":46},"end":{"line":23,"column":1}},"line":16},"2":{"name":"(anonymous_2)","decl":{"start":{"line":25,"column":27},"end":{"line":25,"column":28}},"loc":{"start":{"line":25,"column":53},"end":{"line":36,"column":1}},"line":25},"3":{"name":"(anonymous_3)","decl":{"start":{"line":38,"column":30},"end":{"line":38,"column":31}},"loc":{"start":{"line":38,"column":56},"end":{"line":45,"column":1}},"line":38},"4":{"name":"(anonymous_4)","decl":{"start":{"line":47,"column":27},"end":{"line":47,"column":28}},"loc":{"start":{"line":47,"column":53},"end":{"line":55,"column":1}},"line":47}},"branchMap":{"0":{"loc":{"start":{"line":28,"column":4},"end":{"line":32,"column":5}},"type":"if","locations":[{"start":{"line":28,"column":4},"end":{"line":32,"column":5}},{"start":{"line":30,"column":11},"end":{"line":32,"column":5}}],"line":28}},"s":{"0":8,"1":8,"2":1,"3":1,"4":1,"5":0,"6":8,"7":1,"8":1,"9":1,"10":0,"11":8,"12":3,"13":3,"14":3,"15":2,"16":1,"17":0,"18":8,"19":1,"20":1,"21":1,"22":0,"23":8,"24":1,"25":1,"26":1,"27":0},"f":{"0":1,"1":1,"2":3,"3":1,"4":1},"b":{"0":[2,1]},"_coverageSchema":"1a1c01bbd47fc00a2c39e90264f33305004495a9","hash":"dfbd10c6a71ad2669423832749b6ab6ea0bae982"}
,"C:\\Users\\aykut\\WebstormProjects\\love-path\\backend\\src\\routes\\v1\\comment.js": {"path":"C:\\Users\\aykut\\WebstormProjects\\love-path\\backend\\src\\routes\\v1\\comment.js","statementMap":{"0":{"start":{"line":5,"column":22},"end":{"line":5,"column":38}},"1":{"start":{"line":6,"column":0},"end":{"line":6,"column":31}},"2":{"start":{"line":8,"column":0},"end":{"line":15,"column":3}},"3":{"start":{"line":9,"column":2},"end":{"line":14,"column":3}},"4":{"start":{"line":10,"column":20},"end":{"line":10,"column":64}},"5":{"start":{"line":11,"column":4},"end":{"line":11,"column":50}},"6":{"start":{"line":13,"column":4},"end":{"line":13,"column":12}},"7":{"start":{"line":17,"column":0},"end":{"line":24,"column":3}},"8":{"start":{"line":18,"column":2},"end":{"line":23,"column":3}},"9":{"start":{"line":19,"column":21},"end":{"line":19,"column":56}},"10":{"start":{"line":20,"column":4},"end":{"line":20,"column":58}},"11":{"start":{"line":22,"column":4},"end":{"line":22,"column":12}},"12":{"start":{"line":26,"column":0},"end":{"line":37,"column":3}},"13":{"start":{"line":27,"column":2},"end":{"line":36,"column":3}},"14":{"start":{"line":28,"column":20},"end":{"line":28,"column":74}},"15":{"start":{"line":29,"column":4},"end":{"line":33,"column":5}},"16":{"start":{"line":30,"column":6},"end":{"line":30,"column":52}},"17":{"start":{"line":32,"column":6},"end":{"line":32,"column":33}},"18":{"start":{"line":35,"column":4},"end":{"line":35,"column":12}},"19":{"start":{"line":39,"column":0},"end":{"line":46,"column":3}},"20":{"start":{"line":40,"column":2},"end":{"line":45,"column":3}},"21":{"start":{"line":41,"column":4},"end":{"line":41,"column":61}},"22":{"start":{"line":42,"column":4},"end":{"line":42,"column":31}},"23":{"start":{"line":44,"column":4},"end":{"line":44,"column":12}},"24":{"start":{"line":48,"column":0},"end":{"line":56,"column":3}},"25":{"start":{"line":49,"column":2},"end":{"line":55,"column":3}},"26":{"start":{"line":51,"column":6},"end":{"line":51,"column":72}},"27":{"start":{"line":52,"column":4},"end":{"line":52,"column":58}},"28":{"start":{"line":54,"column":4},"end":{"line":54,"column":12}}},"fnMap":{"0":{"name":"(anonymous_0)","decl":{"start":{"line":8,"column":24},"end":{"line":8,"column":25}},"loc":{"start":{"line":8,"column":50},"end":{"line":15,"column":1}},"line":8},"1":{"name":"(anonymous_1)","decl":{"start":{"line":17,"column":23},"end":{"line":17,"column":24}},"loc":{"start":{"line":17,"column":49},"end":{"line":24,"column":1}},"line":17},"2":{"name":"(anonymous_2)","decl":{"start":{"line":26,"column":33},"end":{"line":26,"column":34}},"loc":{"start":{"line":26,"column":59},"end":{"line":37,"column":1}},"line":26},"3":{"name":"(anonymous_3)","decl":{"start":{"line":39,"column":36},"end":{"line":39,"column":37}},"loc":{"start":{"line":39,"column":62},"end":{"line":46,"column":1}},"line":39},"4":{"name":"(anonymous_4)","decl":{"start":{"line":48,"column":33},"end":{"line":48,"column":34}},"loc":{"start":{"line":48,"column":59},"end":{"line":56,"column":1}},"line":48}},"branchMap":{"0":{"loc":{"start":{"line":29,"column":4},"end":{"line":33,"column":5}},"type":"if","locations":[{"start":{"line":29,"column":4},"end":{"line":33,"column":5}},{"start":{"line":31,"column":11},"end":{"line":33,"column":5}}],"line":29}},"s":{"0":8,"1":8,"2":8,"3":0,"4":0,"5":0,"6":0,"7":8,"8":0,"9":0,"10":0,"11":0,"12":8,"13":0,"14":0,"15":0,"16":0,"17":0,"18":0,"19":8,"20":0,"21":0,"22":0,"23":0,"24":8,"25":0,"26":0,"27":0,"28":0},"f":{"0":0,"1":0,"2":0,"3":0,"4":0},"b":{"0":[0,0]},"_coverageSchema":"1a1c01bbd47fc00a2c39e90264f33305004495a9","hash":"5941ae5e38b631d909dcb9b0abb2ea14f084ebb0"}
,"C:\\Users\\aykut\\WebstormProjects\\love-path\\backend\\src\\routes\\v1\\country.js": {"path":"C:\\Users\\aykut\\WebstormProjects\\love-path\\backend\\src\\routes\\v1\\country.js","statementMap":{"0":{"start":{"line":5,"column":22},"end":{"line":5,"column":38}},"1":{"start":{"line":7,"column":0},"end":{"line":14,"column":3}},"2":{"start":{"line":8,"column":2},"end":{"line":13,"column":3}},"3":{"start":{"line":9,"column":20},"end":{"line":9,"column":64}},"4":{"start":{"line":10,"column":4},"end":{"line":10,"column":41}},"5":{"start":{"line":12,"column":4},"end":{"line":12,"column":12}},"6":{"start":{"line":16,"column":0},"end":{"line":23,"column":3}},"7":{"start":{"line":17,"column":2},"end":{"line":22,"column":3}},"8":{"start":{"line":18,"column":22},"end":{"line":18,"column":77}},"9":{"start":{"line":19,"column":4},"end":{"line":19,"column":43}},"10":{"start":{"line":21,"column":4},"end":{"line":21,"column":12}},"11":{"start":{"line":25,"column":0},"end":{"line":36,"column":3}},"12":{"start":{"line":26,"column":2},"end":{"line":35,"column":3}},"13":{"start":{"line":27,"column":20},"end":{"line":27,"column":74}},"14":{"start":{"line":28,"column":4},"end":{"line":32,"column":5}},"15":{"start":{"line":29,"column":6},"end":{"line":29,"column":43}},"16":{"start":{"line":31,"column":6},"end":{"line":31,"column":33}},"17":{"start":{"line":34,"column":4},"end":{"line":34,"column":12}},"18":{"start":{"line":38,"column":0},"end":{"line":45,"column":3}},"19":{"start":{"line":39,"column":2},"end":{"line":44,"column":3}},"20":{"start":{"line":40,"column":4},"end":{"line":40,"column":61}},"21":{"start":{"line":41,"column":4},"end":{"line":41,"column":31}},"22":{"start":{"line":43,"column":4},"end":{"line":43,"column":12}},"23":{"start":{"line":47,"column":0},"end":{"line":55,"column":3}},"24":{"start":{"line":48,"column":2},"end":{"line":54,"column":3}},"25":{"start":{"line":49,"column":26},"end":{"line":50,"column":39}},"26":{"start":{"line":51,"column":4},"end":{"line":51,"column":43}},"27":{"start":{"line":53,"column":4},"end":{"line":53,"column":12}}},"fnMap":{"0":{"name":"(anonymous_0)","decl":{"start":{"line":7,"column":24},"end":{"line":7,"column":25}},"loc":{"start":{"line":7,"column":50},"end":{"line":14,"column":1}},"line":7},"1":{"name":"(anonymous_1)","decl":{"start":{"line":16,"column":23},"end":{"line":16,"column":24}},"loc":{"start":{"line":16,"column":49},"end":{"line":23,"column":1}},"line":16},"2":{"name":"(anonymous_2)","decl":{"start":{"line":25,"column":33},"end":{"line":25,"column":34}},"loc":{"start":{"line":25,"column":59},"end":{"line":36,"column":1}},"line":25},"3":{"name":"(anonymous_3)","decl":{"start":{"line":38,"column":36},"end":{"line":38,"column":37}},"loc":{"start":{"line":38,"column":62},"end":{"line":45,"column":1}},"line":38},"4":{"name":"(anonymous_4)","decl":{"start":{"line":47,"column":33},"end":{"line":47,"column":34}},"loc":{"start":{"line":47,"column":59},"end":{"line":55,"column":1}},"line":47}},"branchMap":{"0":{"loc":{"start":{"line":28,"column":4},"end":{"line":32,"column":5}},"type":"if","locations":[{"start":{"line":28,"column":4},"end":{"line":32,"column":5}},{"start":{"line":30,"column":11},"end":{"line":32,"column":5}}],"line":28}},"s":{"0":8,"1":8,"2":1,"3":1,"4":1,"5":0,"6":8,"7":1,"8":1,"9":1,"10":0,"11":8,"12":3,"13":3,"14":3,"15":2,"16":1,"17":0,"18":8,"19":1,"20":1,"21":1,"22":0,"23":8,"24":1,"25":1,"26":1,"27":0},"f":{"0":1,"1":1,"2":3,"3":1,"4":1},"b":{"0":[2,1]},"_coverageSchema":"1a1c01bbd47fc00a2c39e90264f33305004495a9","hash":"8904503d48c8e0702a378d2e7f09542ad000fac7"}
[...]
,"C:\\Users\\aykut\\WebstormProjects\\love-path\\backend\\src\\services\\mail-service.js": {"path":"C:\\Users\\aykut\\WebstormProjects\\love-path\\backend\\src\\services\\mail-service.js","statementMap":{"0":{"start":{"line":4,"column":20},"end":{"line":10,"column":2}},"1":{"start":{"line":13,"column":2},"end":{"line":19,"column":4}},"2":{"start":{"line":23,"column":19},"end":{"line":23,"column":54}},"3":{"start":{"line":24,"column":2},"end":{"line":30,"column":5}},"4":{"start":{"line":25,"column":4},"end":{"line":27,"column":5}},"5":{"start":{"line":26,"column":6},"end":{"line":26,"column":18}},"6":{"start":{"line":29,"column":4},"end":{"line":29,"column":16}},"7":{"start":{"line":33,"column":20},"end":{"line":35,"column":1}}},"fnMap":{"0":{"name":"buildMailData","decl":{"start":{"line":12,"column":9},"end":{"line":12,"column":22}},"loc":{"start":{"line":12,"column":45},"end":{"line":20,"column":1}},"line":12},"1":{"name":"sendMail","decl":{"start":{"line":22,"column":15},"end":{"line":22,"column":23}},"loc":{"start":{"line":22,"column":46},"end":{"line":31,"column":1}},"line":22},"2":{"name":"(anonymous_2)","decl":{"start":{"line":24,"column":46},"end":{"line":24,"column":47}},"loc":{"start":{"line":24,"column":63},"end":{"line":30,"column":3}},"line":24}},"branchMap":{"0":{"loc":{"start":{"line":25,"column":4},"end":{"line":27,"column":5}},"type":"if","locations":[{"start":{"line":25,"column":4},"end":{"line":27,"column":5}},{"start":{},"end":{}}],"line":25}},"s":{"0":8,"1":0,"2":0,"3":0,"4":0,"5":0,"6":0,"7":8},"f":{"0":0,"1":0,"2":0},"b":{"0":[0,0]},"_coverageSchema":"1a1c01bbd47fc00a2c39e90264f33305004495a9","hash":"23d562728230bd3f76fcc85c201c58023c37ba50"}
,"C:\\Users\\aykut\\WebstormProjects\\love-path\\backend\\src\\services\\order-service.js": {"path":"C:\\Users\\aykut\\WebstormProjects\\love-path\\backend\\src\\services\\order-service.js","statementMap":{"0":{"start":{"line":3,"column":21},"end":{"line":23,"column":1}},"1":{"start":{"line":5,"column":4},"end":{"line":5,"column":46}},"2":{"start":{"line":9,"column":4},"end":{"line":9,"column":40}},"3":{"start":{"line":13,"column":4},"end":{"line":13,"column":46}},"4":{"start":{"line":17,"column":4},"end":{"line":17,"column":48}},"5":{"start":{"line":21,"column":4},"end":{"line":21,"column":55}}},"fnMap":{"0":{"name":"(anonymous_0)","decl":{"start":{"line":4,"column":13},"end":{"line":4,"column":14}},"loc":{"start":{"line":4,"column":32},"end":{"line":6,"column":3}},"line":4},"1":{"name":"(anonymous_1)","decl":{"start":{"line":8,"column":14},"end":{"line":8,"column":15}},"loc":{"start":{"line":8,"column":26},"end":{"line":10,"column":3}},"line":8},"2":{"name":"(anonymous_2)","decl":{"start":{"line":12,"column":15},"end":{"line":12,"column":16}},"loc":{"start":{"line":12,"column":32},"end":{"line":14,"column":3}},"line":12},"3":{"name":"(anonymous_3)","decl":{"start":{"line":16,"column":15},"end":{"line":16,"column":16}},"loc":{"start":{"line":16,"column":34},"end":{"line":18,"column":3}},"line":16},"4":{"name":"(anonymous_4)","decl":{"start":{"line":20,"column":15},"end":{"line":20,"column":16}},"loc":{"start":{"line":20,"column":41},"end":{"line":22,"column":3}},"line":20}},"branchMap":{},"s":{"0":8,"1":0,"2":0,"3":0,"4":0,"5":0},"f":{"0":0,"1":0,"2":0,"3":0,"4":0},"b":{},"_coverageSchema":"1a1c01bbd47fc00a2c39e90264f33305004495a9","hash":"3e71f397dda5f288fbe8b67413819e17928d240c"}
,"C:\\Users\\aykut\\WebstormProjects\\love-path\\backend\\src\\services\\pet-service.js": {"path":"C:\\Users\\aykut\\WebstormProjects\\love-path\\backend\\src\\services\\pet-service.js","statementMap":{"0":{"start":{"line":3,"column":19},"end":{"line":23,"column":1}},"1":{"start":{"line":5,"column":4},"end":{"line":5,"column":40}},"2":{"start":{"line":9,"column":4},"end":{"line":9,"column":36}},"3":{"start":{"line":13,"column":4},"end":{"line":13,"column":40}},"4":{"start":{"line":17,"column":4},"end":{"line":17,"column":42}},"5":{"start":{"line":21,"column":4},"end":{"line":21,"column":47}}},"fnMap":{"0":{"name":"(anonymous_0)","decl":{"start":{"line":4,"column":11},"end":{"line":4,"column":12}},"loc":{"start":{"line":4,"column":28},"end":{"line":6,"column":3}},"line":4},"1":{"name":"(anonymous_1)","decl":{"start":{"line":8,"column":12},"end":{"line":8,"column":13}},"loc":{"start":{"line":8,"column":24},"end":{"line":10,"column":3}},"line":8},"2":{"name":"(anonymous_2)","decl":{"start":{"line":12,"column":13},"end":{"line":12,"column":14}},"loc":{"start":{"line":12,"column":28},"end":{"line":14,"column":3}},"line":12},"3":{"name":"(anonymous_3)","decl":{"start":{"line":16,"column":13},"end":{"line":16,"column":14}},"loc":{"start":{"line":16,"column":30},"end":{"line":18,"column":3}},"line":16},"4":{"name":"(anonymous_4)","decl":{"start":{"line":20,"column":13},"end":{"line":20,"column":14}},"loc":{"start":{"line":20,"column":35},"end":{"line":22,"column":3}},"line":20}},"branchMap":{},"s":{"0":8,"1":3,"2":1,"3":1,"4":1,"5":1},"f":{"0":3,"1":1,"2":1,"3":1,"4":1},"b":{},"_coverageSchema":"1a1c01bbd47fc00a2c39e90264f33305004495a9","hash":"de11bec9eff4854e18b4c9a7f5ddea218cc67415"}
,"C:\\Users\\aykut\\WebstormProjects\\love-path\\backend\\src\\services\\product-category-service.js": {"path":"C:\\Users\\aykut\\WebstormProjects\\love-path\\backend\\src\\services\\product-category-service.js","statementMap":{"0":{"start":{"line":4,"column":31},"end":{"line":25,"column":1}},"1":{"start":{"line":6,"column":4},"end":{"line":6,"column":76}},"2":{"start":{"line":10,"column":4},"end":{"line":10,"column":61}},"3":{"start":{"line":14,"column":4},"end":{"line":14,"column":76}},"4":{"start":{"line":18,"column":4},"end":{"line":18,"column":78}},"5":{"start":{"line":22,"column":4},"end":{"line":23,"column":25}}},"fnMap":{"0":{"name":"(anonymous_0)","decl":{"start":{"line":5,"column":23},"end":{"line":5,"column":24}},"loc":{"start":{"line":5,"column":52},"end":{"line":7,"column":3}},"line":5},"1":{"name":"(anonymous_1)","decl":{"start":{"line":9,"column":25},"end":{"line":9,"column":26}},"loc":{"start":{"line":9,"column":37},"end":{"line":11,"column":3}},"line":9},"2":{"name":"(anonymous_2)","decl":{"start":{"line":13,"column":25},"end":{"line":13,"column":26}},"loc":{"start":{"line":13,"column":52},"end":{"line":15,"column":3}},"line":13},"3":{"name":"(anonymous_3)","decl":{"start":{"line":17,"column":25},"end":{"line":17,"column":26}},"loc":{"start":{"line":17,"column":54},"end":{"line":19,"column":3}},"line":17},"4":{"name":"(anonymous_4)","decl":{"start":{"line":21,"column":25},"end":{"line":21,"column":26}},"loc":{"start":{"line":21,"column":71},"end":{"line":24,"column":3}},"line":21}},"branchMap":{},"s":{"0":8,"1":0,"2":0,"3":0,"4":0,"5":0},"f":{"0":0,"1":0,"2":0,"3":0,"4":0},"b":{},"_coverageSchema":"1a1c01bbd47fc00a2c39e90264f33305004495a9","hash":"73a2ea53f97a4e886330fe06f73acb18749af357"}
,"C:\\Users\\aykut\\WebstormProjects\\love-path\\backend\\src\\services\\product-service.js": {"path":"C:\\Users\\aykut\\WebstormProjects\\love-path\\backend\\src\\services\\product-service.js","statementMap":{"0":{"start":{"line":3,"column":23},"end":{"line":23,"column":1}},"1":{"start":{"line":5,"column":4},"end":{"line":5,"column":52}},"2":{"start":{"line":9,"column":4},"end":{"line":9,"column":44}},"3":{"start":{"line":13,"column":4},"end":{"line":13,"column":52}},"4":{"start":{"line":17,"column":4},"end":{"line":17,"column":54}},"5":{"start":{"line":21,"column":4},"end":{"line":21,"column":63}}},"fnMap":{"0":{"name":"(anonymous_0)","decl":{"start":{"line":4,"column":15},"end":{"line":4,"column":16}},"loc":{"start":{"line":4,"column":36},"end":{"line":6,"column":3}},"line":4},"1":{"name":"(anonymous_1)","decl":{"start":{"line":8,"column":16},"end":{"line":8,"column":17}},"loc":{"start":{"line":8,"column":28},"end":{"line":10,"column":3}},"line":8},"2":{"name":"(anonymous_2)","decl":{"start":{"line":12,"column":17},"end":{"line":12,"column":18}},"loc":{"start":{"line":12,"column":36},"end":{"line":14,"column":3}},"line":12},"3":{"name":"(anonymous_3)","decl":{"start":{"line":16,"column":17},"end":{"line":16,"column":18}},"loc":{"start":{"line":16,"column":38},"end":{"line":18,"column":3}},"line":16},"4":{"name":"(anonymous_4)","decl":{"start":{"line":20,"column":17},"end":{"line":20,"column":18}},"loc":{"start":{"line":20,"column":47},"end":{"line":22,"column":3}},"line":20}},"branchMap":{},"s":{"0":8,"1":0,"2":0,"3":0,"4":0,"5":0},"f":{"0":0,"1":0,"2":0,"3":0,"4":0},"b":{},"_coverageSchema":"1a1c01bbd47fc00a2c39e90264f33305004495a9","hash":"7d7e15982e74aee34743986fad6e8961215d8d42"}
,"C:\\Users\\aykut\\WebstormProjects\\love-path\\backend\\src\\services\\province-service.js": {"path":"C:\\Users\\aykut\\WebstormProjects\\love-path\\backend\\src\\services\\province-service.js","statementMap":{"0":{"start":{"line":3,"column":24},"end":{"line":23,"column":1}},"1":{"start":{"line":5,"column":4},"end":{"line":5,"column":55}},"2":{"start":{"line":9,"column":4},"end":{"line":9,"column":51}},"3":{"start":{"line":13,"column":4},"end":{"line":13,"column":55}},"4":{"start":{"line":17,"column":4},"end":{"line":17,"column":57}},"5":{"start":{"line":21,"column":4},"end":{"line":21,"column":67}}},"fnMap":{"0":{"name":"(anonymous_0)","decl":{"start":{"line":4,"column":16},"end":{"line":4,"column":17}},"loc":{"start":{"line":4,"column":38},"end":{"line":6,"column":3}},"line":4},"1":{"name":"(anonymous_1)","decl":{"start":{"line":8,"column":17},"end":{"line":8,"column":18}},"loc":{"start":{"line":8,"column":34},"end":{"line":10,"column":3}},"line":8},"2":{"name":"(anonymous_2)","decl":{"start":{"line":12,"column":18},"end":{"line":12,"column":19}},"loc":{"start":{"line":12,"column":38},"end":{"line":14,"column":3}},"line":12},"3":{"name":"(anonymous_3)","decl":{"start":{"line":16,"column":18},"end":{"line":16,"column":19}},"loc":{"start":{"line":16,"column":40},"end":{"line":18,"column":3}},"line":16},"4":{"name":"(anonymous_4)","decl":{"start":{"line":20,"column":18},"end":{"line":20,"column":19}},"loc":{"start":{"line":20,"column":50},"end":{"line":22,"column":3}},"line":20}},"branchMap":{},"s":{"0":8,"1":3,"2":1,"3":1,"4":1,"5":1},"f":{"0":3,"1":1,"2":1,"3":1,"4":1},"b":{},"_coverageSchema":"1a1c01bbd47fc00a2c39e90264f33305004495a9","hash":"58cf226ac559315f6832c46b7160150048165bf0"}
,"C:\\Users\\aykut\\WebstormProjects\\love-path\\backend\\src\\services\\treatment-service.js": {"path":"C:\\Users\\aykut\\WebstormProjects\\love-path\\backend\\src\\services\\treatment-service.js","statementMap":{"0":{"start":{"line":3,"column":25},"end":{"line":23,"column":1}},"1":{"start":{"line":5,"column":4},"end":{"line":5,"column":58}},"2":{"start":{"line":9,"column":4},"end":{"line":9,"column":48}},"3":{"start":{"line":13,"column":4},"end":{"line":13,"column":58}},"4":{"start":{"line":17,"column":4},"end":{"line":17,"column":60}},"5":{"start":{"line":21,"column":4},"end":{"line":21,"column":71}}},"fnMap":{"0":{"name":"(anonymous_0)","decl":{"start":{"line":4,"column":17},"end":{"line":4,"column":18}},"loc":{"start":{"line":4,"column":40},"end":{"line":6,"column":3}},"line":4},"1":{"name":"(anonymous_1)","decl":{"start":{"line":8,"column":18},"end":{"line":8,"column":19}},"loc":{"start":{"line":8,"column":30},"end":{"line":10,"column":3}},"line":8},"2":{"name":"(anonymous_2)","decl":{"start":{"line":12,"column":19},"end":{"line":12,"column":20}},"loc":{"start":{"line":12,"column":40},"end":{"line":14,"column":3}},"line":12},"3":{"name":"(anonymous_3)","decl":{"start":{"line":16,"column":19},"end":{"line":16,"column":20}},"loc":{"start":{"line":16,"column":42},"end":{"line":18,"column":3}},"line":16},"4":{"name":"(anonymous_4)","decl":{"start":{"line":20,"column":19},"end":{"line":20,"column":20}},"loc":{"start":{"line":20,"column":53},"end":{"line":22,"column":3}},"line":20}},"branchMap":{},"s":{"0":8,"1":0,"2":0,"3":0,"4":0,"5":0},"f":{"0":0,"1":0,"2":0,"3":0,"4":0},"b":{},"_coverageSchema":"1a1c01bbd47fc00a2c39e90264f33305004495a9","hash":"1b197a7c3796e83f479bf2c5dc721d5fe8856f58"}
,"C:\\Users\\aykut\\WebstormProjects\\love-path\\backend\\src\\services\\treatment-type-service.js": {"path":"C:\\Users\\aykut\\WebstormProjects\\love-path\\backend\\src\\services\\treatment-type-service.js","statementMap":{"0":{"start":{"line":3,"column":29},"end":{"line":24,"column":1}},"1":{"start":{"line":5,"column":4},"end":{"line":5,"column":70}},"2":{"start":{"line":9,"column":4},"end":{"line":9,"column":56}},"3":{"start":{"line":13,"column":4},"end":{"line":13,"column":70}},"4":{"start":{"line":17,"column":4},"end":{"line":17,"column":72}},"5":{"start":{"line":21,"column":4},"end":{"line":22,"column":23}}},"fnMap":{"0":{"name":"(anonymous_0)","decl":{"start":{"line":4,"column":21},"end":{"line":4,"column":22}},"loc":{"start":{"line":4,"column":48},"end":{"line":6,"column":3}},"line":4},"1":{"name":"(anonymous_1)","decl":{"start":{"line":8,"column":22},"end":{"line":8,"column":23}},"loc":{"start":{"line":8,"column":34},"end":{"line":10,"column":3}},"line":8},"2":{"name":"(anonymous_2)","decl":{"start":{"line":12,"column":23},"end":{"line":12,"column":24}},"loc":{"start":{"line":12,"column":48},"end":{"line":14,"column":3}},"line":12},"3":{"name":"(anonymous_3)","decl":{"start":{"line":16,"column":23},"end":{"line":16,"column":24}},"loc":{"start":{"line":16,"column":50},"end":{"line":18,"column":3}},"line":16},"4":{"name":"(anonymous_4)","decl":{"start":{"line":20,"column":23},"end":{"line":20,"column":24}},"loc":{"start":{"line":20,"column":65},"end":{"line":23,"column":3}},"line":20}},"branchMap":{},"s":{"0":8,"1":0,"2":0,"3":0,"4":0,"5":0},"f":{"0":0,"1":0,"2":0,"3":0,"4":0},"b":{},"_coverageSchema":"1a1c01bbd47fc00a2c39e90264f33305004495a9","hash":"9521dc11864714ee54fc3492676d5a4390652c2e"}
,"C:\\Users\\aykut\\WebstormProjects\\love-path\\backend\\src\\services\\user-service.js": {"path":"C:\\Users\\aykut\\WebstormProjects\\love-path\\backend\\src\\services\\user-service.js","statementMap":{"0":{"start":{"line":3,"column":20},"end":{"line":31,"column":1}},"1":{"start":{"line":5,"column":4},"end":{"line":5,"column":55}},"2":{"start":{"line":9,"column":4},"end":{"line":9,"column":67}},"3":{"start":{"line":13,"column":4},"end":{"line":13,"column":38}},"4":{"start":{"line":17,"column":4},"end":{"line":17,"column":43}},"5":{"start":{"line":21,"column":4},"end":{"line":21,"column":43}},"6":{"start":{"line":25,"column":4},"end":{"line":25,"column":45}},"7":{"start":{"line":29,"column":4},"end":{"line":29,"column":51}}},"fnMap":{"0":{"name":"(anonymous_0)","decl":{"start":{"line":4,"column":22},"end":{"line":4,"column":23}},"loc":{"start":{"line":4,"column":42},"end":{"line":6,"column":3}},"line":4},"1":{"name":"(anonymous_1)","decl":{"start":{"line":8,"column":28},"end":{"line":8,"column":29}},"loc":{"start":{"line":8,"column":54},"end":{"line":10,"column":3}},"line":8},"2":{"name":"(anonymous_2)","decl":{"start":{"line":12,"column":13},"end":{"line":12,"column":14}},"loc":{"start":{"line":12,"column":25},"end":{"line":14,"column":3}},"line":12},"3":{"name":"(anonymous_3)","decl":{"start":{"line":16,"column":12},"end":{"line":16,"column":13}},"loc":{"start":{"line":16,"column":30},"end":{"line":18,"column":3}},"line":16},"4":{"name":"(anonymous_4)","decl":{"start":{"line":20,"column":14},"end":{"line":20,"column":15}},"loc":{"start":{"line":20,"column":30},"end":{"line":22,"column":3}},"line":20},"5":{"name":"(anonymous_5)","decl":{"start":{"line":24,"column":14},"end":{"line":24,"column":15}},"loc":{"start":{"line":24,"column":32},"end":{"line":26,"column":3}},"line":24},"6":{"name":"(anonymous_6)","decl":{"start":{"line":28,"column":14},"end":{"line":28,"column":15}},"loc":{"start":{"line":28,"column":38},"end":{"line":30,"column":3}},"line":28}},"branchMap":{},"s":{"0":8,"1":0,"2":2,"3":1,"4":4,"5":2,"6":1,"7":2},"f":{"0":0,"1":2,"2":1,"3":4,"4":2,"5":1,"6":2},"b":{},"_coverageSchema":"1a1c01bbd47fc00a2c39e90264f33305004495a9","hash":"9e7a0bec920d4b3127ba004a8e41ae1b44e149ed"}
,"C:\\Users\\aykut\\WebstormProjects\\love-path\\backend\\src\\services\\user-type-service.js": {"path":"C:\\Users\\aykut\\WebstormProjects\\love-path\\backend\\src\\services\\user-type-service.js","statementMap":{"0":{"start":{"line":3,"column":24},"end":{"line":23,"column":1}},"1":{"start":{"line":5,"column":4},"end":{"line":5,"column":55}},"2":{"start":{"line":9,"column":4},"end":{"line":9,"column":46}},"3":{"start":{"line":13,"column":4},"end":{"line":13,"column":55}},"4":{"start":{"line":17,"column":4},"end":{"line":17,"column":57}},"5":{"start":{"line":21,"column":4},"end":{"line":21,"column":67}}},"fnMap":{"0":{"name":"(anonymous_0)","decl":{"start":{"line":4,"column":16},"end":{"line":4,"column":17}},"loc":{"start":{"line":4,"column":38},"end":{"line":6,"column":3}},"line":4},"1":{"name":"(anonymous_1)","decl":{"start":{"line":8,"column":17},"end":{"line":8,"column":18}},"loc":{"start":{"line":8,"column":29},"end":{"line":10,"column":3}},"line":8},"2":{"name":"(anonymous_2)","decl":{"start":{"line":12,"column":18},"end":{"line":12,"column":19}},"loc":{"start":{"line":12,"column":38},"end":{"line":14,"column":3}},"line":12},"3":{"name":"(anonymous_3)","decl":{"start":{"line":16,"column":18},"end":{"line":16,"column":19}},"loc":{"start":{"line":16,"column":40},"end":{"line":18,"column":3}},"line":16},"4":{"name":"(anonymous_4)","decl":{"start":{"line":20,"column":18},"end":{"line":20,"column":19}},"loc":{"start":{"line":20,"column":50},"end":{"line":22,"column":3}},"line":20}},"branchMap":{},"s":{"0":8,"1":0,"2":0,"3":0,"4":0,"5":0},"f":{"0":0,"1":0,"2":0,"3":0,"4":0},"b":{},"_coverageSchema":"1a1c01bbd47fc00a2c39e90264f33305004495a9","hash":"6c477f04303472357a6072c7c13c32edf78bbed4"}
,"C:\\Users\\aykut\\WebstormProjects\\love-path\\backend\\test\\populate-db.js": {"path":"C:\\Users\\aykut\\WebstormProjects\\love-path\\backend\\test\\populate-db.js","statementMap":{"0":{"start":{"line":13,"column":2},"end":{"line":14,"column":63}},"1":{"start":{"line":15,"column":2},"end":{"line":21,"column":40}},"2":{"start":{"line":22,"column":2},"end":{"line":34,"column":38}},"3":{"start":{"line":35,"column":2},"end":{"line":35,"column":68}},"4":{"start":{"line":36,"column":2},"end":{"line":36,"column":77}},"5":{"start":{"line":37,"column":2},"end":{"line":38,"column":73}},"6":{"start":{"line":39,"column":15},"end":{"line":41,"column":45}},"7":{"start":{"line":42,"column":2},"end":{"line":42,"column":76}},"8":{"start":{"line":44,"column":16},"end":{"line":44,"column":73}},"9":{"start":{"line":45,"column":2},"end":{"line":45,"column":15}}},"fnMap":{"0":{"name":"populateDb","decl":{"start":{"line":12,"column":15},"end":{"line":12,"column":25}},"loc":{"start":{"line":12,"column":28},"end":{"line":46,"column":1}},"line":12}},"branchMap":{},"s":{"0":8,"1":8,"2":8,"3":8,"4":8,"5":8,"6":8,"7":8,"8":8,"9":8},"f":{"0":8},"b":{},"_coverageSchema":"1a1c01bbd47fc00a2c39e90264f33305004495a9","hash":"e8908ee5ecb77c2a6ad425c6b4c8c5955dd0d681"}
}
