TN:
SF:src\app.js
FN:12,getApp
FN:29,(anonymous_1)
FNF:2
FNH:1
FNDA:8,getApp
FNDA:0,(anonymous_1)
DA:13,8
DA:14,8
DA:15,0
DA:18,8
DA:20,8
DA:21,8
DA:22,8
DA:23,8
DA:24,8
DA:25,8
DA:26,8
DA:29,8
DA:30,0
DA:33,0
DA:35,8
DA:37,8
LF:16
LH:13
BRDA:14,0,0,0
BRDA:14,0,1,8
BRDA:30,1,0,0
BRDA:30,1,1,0
BRF:4
BRH:1
end_of_record
TN:
SF:src\server.js
FN:8,(anonymous_0)
FN:24,(anonymous_1)
FN:44,(anonymous_2)
FN:48,getServer
FNF:4
FNH:3
FNDA:8,(anonymous_0)
FNDA:0,(anonymous_1)
FNDA:8,(anonymous_2)
FNDA:8,getServer
DA:8,8
DA:9,8
DA:11,8
DA:13,0
DA:16,8
DA:18,8
DA:21,0
DA:24,8
DA:25,0
DA:26,0
DA:30,0
DA:32,0
DA:33,0
DA:34,0
DA:36,0
DA:37,0
DA:38,0
DA:40,0
DA:44,8
DA:45,8
DA:49,8
DA:50,8
DA:51,8
DA:53,8
DA:54,8
DA:56,8
DA:57,8
DA:58,8
DA:60,8
DA:62,0
DA:64,0
DA:68,8
DA:69,0
LF:33
LH:18
BRDA:11,0,0,0
BRDA:11,0,1,8
BRDA:16,1,0,8
BRDA:16,1,1,0
BRDA:25,2,0,0
BRDA:25,2,1,0
BRDA:30,3,0,0
BRDA:30,3,1,0
BRDA:30,3,2,0
BRDA:68,4,0,0
BRDA:68,4,1,8
BRF:11
BRH:3
end_of_record
TN:
SF:src\db\create-db.js
FN:4,createDb
FNF:1
FNH:1
FNDA:8,createDb
DA:5,8
DA:6,8
LF:2
LH:2
BRF:0
BRH:0
end_of_record
TN:
SF:src\db\db-con.js
FNF:0
FNH:0
DA:5,8
DA:7,8
DA:9,8
LF:3
LH:3
BRDA:20,0,0,8
BRDA:20,0,1,0
BRF:2
BRH:1
end_of_record
TN:
SF:src\db\init-data.js
FN:10,initDbData
FNF:1
FNH:0
FNDA:0,initDbData
DA:11,0
DA:13,0
DA:20,0
DA:33,0
DA:34,0
DA:35,0
DA:37,0
DA:41,0
DA:42,0
LF:9
LH:0
BRF:0
BRH:0
end_of_record
TN:
SF:src\middleware\auth.js
FN:4,signToken
FN:11,(anonymous_1)
FN:27,(anonymous_2)
FN:52,(anonymous_3)
FNF:4
FNH:4
FNDA:10,signToken
FNDA:14,(anonymous_1)
FNDA:1,(anonymous_2)
FNDA:1,(anonymous_3)
DA:5,10
DA:6,10
DA:8,10
DA:11,8
DA:12,14
DA:13,14
DA:14,14
DA:15,0
DA:18,14
DA:19,14
DA:21,0
DA:24,14
DA:27,8
DA:28,1
DA:29,1
DA:30,0
DA:32,1
DA:33,0
DA:35,1
DA:36,0
DA:38,1
DA:39,0
DA:41,1
DA:42,0
DA:44,1
DA:45,0
DA:49,1
DA:52,8
DA:53,1
DA:54,1
DA:55,0
DA:59,1
LF:32
LH:23
BRDA:4,0,0,10
BRDA:5,1,0,0
BRDA:5,1,1,10
BRDA:14,2,0,0
BRDA:14,2,1,14
BRDA:29,3,0,0
BRDA:29,3,1,1
BRDA:32,4,0,0
BRDA:32,4,1,1
BRDA:35,5,0,0
BRDA:35,5,1,1
BRDA:38,6,0,0
BRDA:38,6,1,1
BRDA:41,7,0,0
BRDA:41,7,1,1
BRDA:44,8,0,0
BRDA:44,8,1,1
BRDA:54,9,0,0
BRDA:54,9,1,1
BRF:19
BRH:10
end_of_record
TN:
SF:src\middleware\config.js
FNF:0
FNH:0
DA:4,9
DA:6,9
LF:2
LH:2
BRF:0
BRH:0
end_of_record
TN:
SF:src\middleware\querystring.js
FN:1,getQueryString
FNF:1
FNH:1
FNDA:3,getQueryString
DA:2,3
DA:3,3
DA:7,3
LF:3
LH:3
BRDA:3,0,0,0
BRDA:3,0,1,3
BRF:2
BRH:1
end_of_record
TN:
SF:src\middleware\sha256-hasher.js
FN:3,hash
FNF:1
FNH:1
FNDA:25,hash
DA:4,25
LF:1
LH:1
BRF:0
BRH:0
end_of_record
TN:
SF:src\middleware\uuid-generator.js
FN:3,generateUUID
FNF:1
FNH:1
FNDA:1,generateUUID
DA:4,1
LF:1
LH:1
BRF:0
BRH:0
end_of_record
TN:
SF:src\middleware\winston-logger.js
FN:33,(anonymous_0)
FNF:1
FNH:1
FNDA:53,(anonymous_0)
DA:5,8
DA:24,8
DA:32,8
DA:34,53
LF:4
LH:4
BRDA:20,0,0,8
BRDA:20,0,1,0
BRF:2
BRH:1
end_of_record
TN:
SF:src\models\associations.js
FN:18,createModelsAndAssociations
FNF:1
FNH:1
FNDA:8,createModelsAndAssociations
DA:19,8
DA:22,8
DA:26,8
DA:29,8
DA:33,8
DA:36,8
DA:40,8
DA:43,8
DA:47,8
DA:50,8
DA:54,8
DA:55,8
DA:57,8
DA:60,8
DA:64,8
DA:67,8
DA:71,8
DA:74,8
DA:78,8
DA:81,8
DA:85,8
DA:88,8
DA:92,8
DA:95,8
DA:99,8
DA:102,8
DA:106,8
DA:109,8
DA:113,8
DA:116,8
DA:120,8
DA:123,8
DA:127,8
DA:130,8
LF:34
LH:34
BRF:0
BRH:0
end_of_record
TN:
SF:src\models\breed-type.js
FNF:0
FNH:0
DA:7,8
LF:1
LH:1
BRF:0
BRH:0
end_of_record
TN:
SF:src\models\breed.js
FNF:0
FNH:0
DA:7,8
LF:1
LH:1
BRF:0
BRH:0
end_of_record
TN:
SF:src\models\city.js
FNF:0
FNH:0
DA:7,8
LF:1
LH:1
BRF:0
BRH:0
end_of_record
TN:
SF:src\models\comment.js
FNF:0
FNH:0
DA:7,8
LF:1
LH:1
BRF:0
BRH:0
end_of_record
TN:
SF:src\models\country.js
FNF:0
FNH:0
DA:7,8
LF:1
LH:1
BRF:0
BRH:0
end_of_record
TN:
SF:src\models\forget-password.js
FNF:0
FNH:0
DA:7,8
LF:1
LH:1
BRF:0
BRH:0
end_of_record
TN:
SF:src\models\order-product.js
FNF:0
FNH:0
DA:7,8
LF:1
LH:1
BRF:0
BRH:0
end_of_record
TN:
SF:src\models\order.js
FNF:0
FNH:0
DA:7,8
LF:1
LH:1
BRF:0
BRH:0
end_of_record
TN:
SF:src\models\pet.js
FNF:0
FNH:0
DA:7,8
LF:1
LH:1
BRF:0
BRH:0
end_of_record
TN:
SF:src\models\product-category.js
FNF:0
FNH:0
DA:7,8
LF:1
LH:1
BRF:0
BRH:0
end_of_record
TN:
SF:src\models\product.js
FNF:0
FNH:0
DA:7,8
LF:1
LH:1
BRF:0
BRH:0
end_of_record
TN:
SF:src\models\province.js
FNF:0
FNH:0
DA:7,8
LF:1
LH:1
BRF:0
BRH:0
end_of_record
TN:
SF:src\models\treatment-type.js
FNF:0
FNH:0
DA:7,8
LF:1
LH:1
BRF:0
BRH:0
end_of_record
TN:
SF:src\models\treatment.js
FNF:0
FNH:0
DA:7,8
LF:1
LH:1
BRF:0
BRH:0
end_of_record
TN:
SF:src\models\user-type.js
FNF:0
FNH:0
DA:7,8
LF:1
LH:1
BRF:0
BRH:0
end_of_record
TN:
SF:src\models\user.js
FN:51,(anonymous_0)
FN:55,(anonymous_1)
FNF:2
FNH:1
FNDA:10,(anonymous_0)
FNDA:0,(anonymous_1)
DA:8,8
DA:51,8
DA:52,10
DA:55,8
DA:56,0
LF:5
LH:4
BRF:0
BRH:0
end_of_record
TN:
SF:src\repositories\breed-repository.js
FN:4,(anonymous_0)
FN:8,(anonymous_1)
FN:12,(anonymous_2)
FN:16,(anonymous_3)
FN:24,(anonymous_4)
FNF:5
FNH:5
FNDA:3,(anonymous_0)
FNDA:1,(anonymous_1)
FNDA:1,(anonymous_2)
FNDA:1,(anonymous_3)
FNDA:1,(anonymous_4)
DA:3,8
DA:5,3
DA:9,1
DA:13,1
DA:17,1
DA:25,1
LF:6
LH:6
BRF:0
BRH:0
end_of_record
TN:
SF:src\repositories\breed-type-repository.js
FN:4,(anonymous_0)
FN:8,(anonymous_1)
FN:12,(anonymous_2)
FN:16,(anonymous_3)
FN:24,(anonymous_4)
FNF:5
FNH:5
FNDA:3,(anonymous_0)
FNDA:1,(anonymous_1)
FNDA:1,(anonymous_2)
FNDA:1,(anonymous_3)
FNDA:1,(anonymous_4)
DA:3,8
DA:5,3
DA:9,1
DA:13,1
DA:17,1
DA:25,1
LF:6
LH:6
BRF:0
BRH:0
end_of_record
TN:
SF:src\repositories\city-repository.js
FN:6,(anonymous_0)
FN:10,(anonymous_1)
FN:19,(anonymous_2)
FN:23,(anonymous_3)
FN:31,(anonymous_4)
FNF:5
FNH:5
FNDA:3,(anonymous_0)
FNDA:1,(anonymous_1)
FNDA:1,(anonymous_2)
FNDA:1,(anonymous_3)
FNDA:1,(anonymous_4)
DA:5,8
DA:7,3
DA:11,1
DA:12,0
DA:13,0
DA:15,1
DA:20,1
DA:24,1
DA:32,1
LF:9
LH:7
BRDA:11,0,0,0
BRDA:11,0,1,1
BRF:2
BRH:1
end_of_record
TN:
SF:src\repositories\comment-repository.js
FN:4,(anonymous_0)
FN:8,(anonymous_1)
FN:12,(anonymous_2)
FN:16,(anonymous_3)
FN:24,(anonymous_4)
FNF:5
FNH:0
FNDA:0,(anonymous_0)
FNDA:0,(anonymous_1)
FNDA:0,(anonymous_2)
FNDA:0,(anonymous_3)
FNDA:0,(anonymous_4)
DA:3,8
DA:5,0
DA:9,0
DA:13,0
DA:17,0
DA:25,0
LF:6
LH:1
BRF:0
BRH:0
end_of_record
TN:
SF:src\repositories\country-repository.js
FN:8,(anonymous_0)
FN:12,(anonymous_1)
FN:25,(anonymous_2)
FN:29,(anonymous_3)
FN:37,(anonymous_4)
FNF:5
FNH:5
FNDA:3,(anonymous_0)
FNDA:1,(anonymous_1)
FNDA:1,(anonymous_2)
FNDA:1,(anonymous_3)
FNDA:1,(anonymous_4)
DA:7,8
DA:9,3
DA:13,1
DA:14,0
DA:15,0
DA:16,0
DA:19,0
DA:21,1
DA:26,1
DA:30,1
DA:38,1
LF:11
LH:7
BRDA:13,0,0,0
BRDA:13,0,1,1
BRDA:15,1,0,0
BRDA:15,1,1,0
BRF:4
BRH:1
end_of_record
TN:
SF:src\repositories\forget-password-repository.js
FN:4,(anonymous_0)
FN:8,(anonymous_1)
FN:12,(anonymous_2)
FNF:3
FNH:3
FNDA:1,(anonymous_0)
FNDA:1,(anonymous_1)
FNDA:1,(anonymous_2)
DA:3,8
DA:5,1
DA:9,1
DA:13,1
LF:4
LH:4
BRF:0
BRH:0
end_of_record
TN:
SF:src\repositories\order-repository.js
FN:4,(anonymous_0)
FN:8,(anonymous_1)
FN:12,(anonymous_2)
FN:16,(anonymous_3)
FN:24,(anonymous_4)
FNF:5
FNH:0
FNDA:0,(anonymous_0)
FNDA:0,(anonymous_1)
FNDA:0,(anonymous_2)
FNDA:0,(anonymous_3)
FNDA:0,(anonymous_4)
DA:3,8
DA:5,0
DA:9,0
DA:13,0
DA:17,0
DA:25,0
LF:6
LH:1
BRF:0
BRH:0
end_of_record
TN:
SF:src\repositories\pet-repository.js
FN:4,(anonymous_0)
FN:8,(anonymous_1)
FN:12,(anonymous_2)
FN:16,(anonymous_3)
FN:24,(anonymous_4)
FNF:5
FNH:5
FNDA:3,(anonymous_0)
FNDA:1,(anonymous_1)
FNDA:1,(anonymous_2)
FNDA:1,(anonymous_3)
FNDA:1,(anonymous_4)
DA:3,8
DA:5,3
DA:9,1
DA:13,1
DA:17,1
DA:25,1
LF:6
LH:6
BRF:0
BRH:0
end_of_record
TN:
SF:src\repositories\product-category-repository.js
FN:4,(anonymous_0)
FN:8,(anonymous_1)
FN:12,(anonymous_2)
FN:16,(anonymous_3)
FN:24,(anonymous_4)
FNF:5
FNH:0
FNDA:0,(anonymous_0)
FNDA:0,(anonymous_1)
FNDA:0,(anonymous_2)
FNDA:0,(anonymous_3)
FNDA:0,(anonymous_4)
DA:3,8
DA:5,0
DA:9,0
DA:13,0
DA:17,0
DA:25,0
LF:6
LH:1
BRF:0
BRH:0
end_of_record
TN:
SF:src\repositories\product-repository.js
FN:4,(anonymous_0)
FN:8,(anonymous_1)
FN:12,(anonymous_2)
FN:16,(anonymous_3)
FN:24,(anonymous_4)
FNF:5
FNH:0
FNDA:0,(anonymous_0)
FNDA:0,(anonymous_1)
FNDA:0,(anonymous_2)
FNDA:0,(anonymous_3)
FNDA:0,(anonymous_4)
DA:3,8
DA:5,0
DA:9,0
DA:13,0
DA:17,0
DA:25,0
LF:6
LH:1
BRF:0
BRH:0
end_of_record
TN:
SF:src\repositories\province-repository.js
FN:4,(anonymous_0)
FN:8,(anonymous_1)
FN:18,(anonymous_2)
FN:22,(anonymous_3)
FN:30,(anonymous_4)
FNF:5
FNH:5
FNDA:3,(anonymous_0)
FNDA:1,(anonymous_1)
FNDA:1,(anonymous_2)
FNDA:1,(anonymous_3)
FNDA:1,(anonymous_4)
DA:3,8
DA:5,3
DA:9,1
DA:10,0
DA:14,1
DA:19,1
DA:23,1
DA:31,1
LF:8
LH:7
BRDA:9,0,0,0
BRDA:9,0,1,1
BRF:2
BRH:1
end_of_record
TN:
SF:src\repositories\treatment-repository.js
FN:4,(anonymous_0)
FN:8,(anonymous_1)
FN:12,(anonymous_2)
FN:16,(anonymous_3)
FN:24,(anonymous_4)
FNF:5
FNH:0
FNDA:0,(anonymous_0)
FNDA:0,(anonymous_1)
FNDA:0,(anonymous_2)
FNDA:0,(anonymous_3)
FNDA:0,(anonymous_4)
DA:3,8
DA:5,0
DA:9,0
DA:13,0
DA:17,0
DA:25,0
LF:6
LH:1
BRF:0
BRH:0
end_of_record
TN:
SF:src\repositories\treatment-type-repository.js
FN:4,(anonymous_0)
FN:8,(anonymous_1)
FN:12,(anonymous_2)
FN:16,(anonymous_3)
FN:24,(anonymous_4)
FNF:5
FNH:0
FNDA:0,(anonymous_0)
FNDA:0,(anonymous_1)
FNDA:0,(anonymous_2)
FNDA:0,(anonymous_3)
FNDA:0,(anonymous_4)
DA:3,8
DA:5,0
DA:9,0
DA:13,0
DA:17,0
DA:25,0
LF:6
LH:1
BRF:0
BRH:0
end_of_record
TN:
SF:src\repositories\user-repository.js
FN:5,(anonymous_0)
FN:13,(anonymous_1)
FN:24,(anonymous_2)
FN:28,(anonymous_3)
FN:32,(anonymous_4)
FN:36,(anonymous_5)
FN:44,(anonymous_6)
FNF:7
FNH:6
FNDA:0,(anonymous_0)
FNDA:2,(anonymous_1)
FNDA:4,(anonymous_2)
FNDA:1,(anonymous_3)
FNDA:2,(anonymous_4)
FNDA:1,(anonymous_5)
FNDA:2,(anonymous_6)
DA:4,8
DA:6,0
DA:14,2
DA:25,4
DA:29,1
DA:33,2
DA:37,1
DA:45,2
LF:8
LH:7
BRF:0
BRH:0
end_of_record
TN:
SF:src\repositories\user-type-repository.js
FN:4,(anonymous_0)
FN:8,(anonymous_1)
FN:12,(anonymous_2)
FN:16,(anonymous_3)
FN:24,(anonymous_4)
FNF:5
FNH:0
FNDA:0,(anonymous_0)
FNDA:0,(anonymous_1)
FNDA:0,(anonymous_2)
FNDA:0,(anonymous_3)
FNDA:0,(anonymous_4)
DA:3,8
DA:5,0
DA:9,0
DA:13,0
DA:17,0
DA:25,0
LF:6
LH:1
BRF:0
BRH:0
end_of_record
TN:
SF:src\routes\v1Router.js
FNF:0
FNH:0
DA:19,8
DA:21,8
DA:22,8
DA:23,8
DA:24,8
DA:25,8
DA:26,8
DA:27,8
DA:28,8
DA:29,8
DA:30,8
DA:31,8
DA:32,8
DA:33,8
DA:34,8
DA:35,8
LF:16
LH:16
BRF:0
BRH:0
end_of_record
TN:
SF:src\routes\v1\auth.js
FN:6,(anonymous_0)
FN:15,(anonymous_1)
FN:24,(anonymous_2)
FN:33,(anonymous_3)
FN:42,(anonymous_4)
FNF:5
FNH:4
FNDA:1,(anonymous_0)
FNDA:1,(anonymous_1)
FNDA:1,(anonymous_2)
FNDA:1,(anonymous_3)
FNDA:0,(anonymous_4)
DA:4,8
DA:6,8
DA:7,1
DA:8,1
DA:9,1
DA:11,0
DA:15,8
DA:16,1
DA:17,1
DA:18,1
DA:20,0
DA:24,8
DA:25,1
DA:26,1
DA:27,1
DA:29,0
DA:33,8
DA:34,1
DA:35,1
DA:36,1
DA:38,0
DA:42,8
DA:43,0
DA:44,0
DA:45,0
DA:47,0
LF:26
LH:18
BRF:0
BRH:0
end_of_record
TN:
SF:src\routes\v1\breed-type.js
FN:6,(anonymous_0)
FN:15,(anonymous_1)
FN:24,(anonymous_2)
FN:38,(anonymous_3)
FN:47,(anonymous_4)
FNF:5
FNH:5
FNDA:1,(anonymous_0)
FNDA:1,(anonymous_1)
FNDA:3,(anonymous_2)
FNDA:1,(anonymous_3)
FNDA:1,(anonymous_4)
DA:4,8
DA:6,8
DA:7,1
DA:8,1
DA:9,1
DA:11,0
DA:15,8
DA:16,1
DA:17,1
DA:18,1
DA:20,0
DA:24,8
DA:25,3
DA:26,3
DA:28,3
DA:29,2
DA:31,1
DA:34,0
DA:38,8
DA:39,1
DA:40,1
DA:41,1
DA:43,0
DA:47,8
DA:48,1
DA:49,1
DA:51,1
DA:53,0
LF:28
LH:23
BRDA:28,0,0,2
BRDA:28,0,1,1
BRF:2
BRH:2
end_of_record
TN:
SF:src\routes\v1\breed.js
FN:6,(anonymous_0)
FN:15,(anonymous_1)
FN:24,(anonymous_2)
FN:37,(anonymous_3)
FN:46,(anonymous_4)
FNF:5
FNH:5
FNDA:1,(anonymous_0)
FNDA:1,(anonymous_1)
FNDA:3,(anonymous_2)
FNDA:1,(anonymous_3)
FNDA:1,(anonymous_4)
DA:4,8
DA:6,8
DA:7,1
DA:8,1
DA:9,1
DA:11,0
DA:15,8
DA:16,1
DA:17,1
DA:18,1
DA:20,0
DA:24,8
DA:25,3
DA:26,3
DA:27,3
DA:28,2
DA:30,1
DA:33,0
DA:37,8
DA:38,1
DA:39,1
DA:40,1
DA:42,0
DA:46,8
DA:47,1
DA:48,1
DA:50,1
DA:52,0
LF:28
LH:23
BRDA:27,0,0,2
BRDA:27,0,1,1
BRF:2
BRH:2
end_of_record
TN:
SF:src\routes\v1\city.js
FN:7,(anonymous_0)
FN:16,(anonymous_1)
FN:25,(anonymous_2)
FN:38,(anonymous_3)
FN:47,(anonymous_4)
FNF:5
FNH:5
FNDA:1,(anonymous_0)
FNDA:1,(anonymous_1)
FNDA:3,(anonymous_2)
FNDA:1,(anonymous_3)
FNDA:1,(anonymous_4)
DA:5,8
DA:7,8
DA:8,1
DA:9,1
DA:10,1
DA:12,0
DA:16,8
DA:17,1
DA:18,1
DA:19,1
DA:21,0
DA:25,8
DA:26,3
DA:27,3
DA:28,3
DA:29,2
DA:31,1
DA:34,0
DA:38,8
DA:39,1
DA:40,1
DA:41,1
DA:43,0
DA:47,8
DA:48,1
DA:50,1
DA:51,1
DA:53,0
LF:28
LH:23
BRDA:28,0,0,2
BRDA:28,0,1,1
BRF:2
BRH:2
end_of_record
TN:
SF:src\routes\v1\comment.js
FN:8,(anonymous_0)
FN:17,(anonymous_1)
FN:26,(anonymous_2)
FN:39,(anonymous_3)
FN:48,(anonymous_4)
FNF:5
FNH:0
FNDA:0,(anonymous_0)
FNDA:0,(anonymous_1)
FNDA:0,(anonymous_2)
FNDA:0,(anonymous_3)
FNDA:0,(anonymous_4)
DA:5,8
DA:6,8
DA:8,8
DA:9,0
DA:10,0
DA:11,0
DA:13,0
DA:17,8
DA:18,0
DA:19,0
DA:20,0
DA:22,0
DA:26,8
DA:27,0
DA:28,0
DA:29,0
DA:30,0
DA:32,0
DA:35,0
DA:39,8
DA:40,0
DA:41,0
DA:42,0
DA:44,0
DA:48,8
DA:49,0
DA:51,0
DA:52,0
DA:54,0
LF:29
LH:7
BRDA:29,0,0,0
BRDA:29,0,1,0
BRF:2
BRH:0
end_of_record
TN:
SF:src\routes\v1\country.js
FN:7,(anonymous_0)
FN:16,(anonymous_1)
FN:25,(anonymous_2)
FN:38,(anonymous_3)
FN:47,(anonymous_4)
FNF:5
FNH:5
FNDA:1,(anonymous_0)
FNDA:1,(anonymous_1)
FNDA:3,(anonymous_2)
FNDA:1,(anonymous_3)
FNDA:1,(anonymous_4)
DA:5,8
DA:7,8
DA:8,1
DA:9,1
DA:10,1
DA:12,0
DA:16,8
DA:17,1
DA:18,1
DA:19,1
DA:21,0
DA:25,8
DA:26,3
DA:27,3
DA:28,3
DA:29,2
DA:31,1
DA:34,0
DA:38,8
DA:39,1
DA:40,1
DA:41,1
DA:43,0
DA:47,8
DA:48,1
DA:49,1
DA:51,1
DA:53,0
LF:28
LH:23
BRDA:28,0,0,2
BRDA:28,0,1,1
BRF:2
BRH:2
end_of_record
TN:
SF:src\routes\v1\order.js
FN:8,(anonymous_0)
FN:17,(anonymous_1)
FN:26,(anonymous_2)
FN:39,(anonymous_3)
FN:48,(anonymous_4)
FNF:5
FNH:0
FNDA:0,(anonymous_0)
FNDA:0,(anonymous_1)
FNDA:0,(anonymous_2)
FNDA:0,(anonymous_3)
FNDA:0,(anonymous_4)
DA:5,8
DA:6,8
DA:8,8
DA:9,0
DA:10,0
DA:11,0
DA:13,0
DA:17,8
DA:18,0
DA:19,0
DA:20,0
DA:22,0
DA:26,8
DA:27,0
DA:28,0
DA:29,0
DA:30,0
DA:32,0
DA:35,0
DA:39,8
DA:40,0
DA:41,0
DA:42,0
DA:44,0
DA:48,8
DA:49,0
DA:50,0
DA:52,0
DA:54,0
LF:29
LH:7
BRDA:29,0,0,0
BRDA:29,0,1,0
BRF:2
BRH:0
end_of_record
TN:
SF:src\routes\v1\pet.js
FN:8,(anonymous_0)
FN:17,(anonymous_1)
FN:26,(anonymous_2)
FN:39,(anonymous_3)
FN:48,(anonymous_4)
FNF:5
FNH:5
FNDA:1,(anonymous_0)
FNDA:1,(anonymous_1)
FNDA:3,(anonymous_2)
FNDA:1,(anonymous_3)
FNDA:1,(anonymous_4)
DA:5,8
DA:6,8
DA:8,8
DA:9,1
DA:10,1
DA:11,1
DA:13,0
DA:17,8
DA:18,1
DA:19,1
DA:20,1
DA:22,0
DA:26,8
DA:27,3
DA:28,3
DA:29,3
DA:30,2
DA:32,1
DA:35,0
DA:39,8
DA:40,1
DA:41,1
DA:42,1
DA:44,0
DA:48,8
DA:49,1
DA:50,1
DA:51,1
DA:53,0
LF:29
LH:24
BRDA:29,0,0,2
BRDA:29,0,1,1
BRF:2
BRH:2
end_of_record
TN:
SF:src\routes\v1\product-category.js
FN:8,(anonymous_0)
FN:18,(anonymous_1)
FN:28,(anonymous_2)
FN:42,(anonymous_3)
FN:52,(anonymous_4)
FNF:5
FNH:0
FNDA:0,(anonymous_0)
FNDA:0,(anonymous_1)
FNDA:0,(anonymous_2)
FNDA:0,(anonymous_3)
FNDA:0,(anonymous_4)
DA:5,8
DA:6,8
DA:8,8
DA:9,0
DA:10,0
DA:12,0
DA:14,0
DA:18,8
DA:19,0
DA:21,0
DA:22,0
DA:24,0
DA:28,8
DA:29,0
DA:30,0
DA:32,0
DA:33,0
DA:35,0
DA:38,0
DA:42,8
DA:43,0
DA:44,0
DA:46,0
DA:48,0
DA:52,8
DA:53,0
DA:55,0
DA:58,0
DA:60,0
LF:29
LH:7
BRDA:32,0,0,0
BRDA:32,0,1,0
BRF:2
BRH:0
end_of_record
TN:
SF:src\routes\v1\product.js
FN:8,(anonymous_0)
FN:17,(anonymous_1)
FN:26,(anonymous_2)
FN:39,(anonymous_3)
FN:48,(anonymous_4)
FNF:5
FNH:0
FNDA:0,(anonymous_0)
FNDA:0,(anonymous_1)
FNDA:0,(anonymous_2)
FNDA:0,(anonymous_3)
FNDA:0,(anonymous_4)
DA:5,8
DA:6,8
DA:8,8
DA:9,0
DA:10,0
DA:11,0
DA:13,0
DA:17,8
DA:18,0
DA:19,0
DA:20,0
DA:22,0
DA:26,8
DA:27,0
DA:28,0
DA:29,0
DA:30,0
DA:32,0
DA:35,0
DA:39,8
DA:40,0
DA:41,0
DA:42,0
DA:44,0
DA:48,8
DA:49,0
DA:51,0
DA:52,0
DA:54,0
LF:29
LH:7
BRDA:29,0,0,0
BRDA:29,0,1,0
BRF:2
BRH:0
end_of_record
TN:
SF:src\routes\v1\province.js
FN:7,(anonymous_0)
FN:16,(anonymous_1)
FN:25,(anonymous_2)
FN:38,(anonymous_3)
FN:47,(anonymous_4)
FNF:5
FNH:5
FNDA:1,(anonymous_0)
FNDA:1,(anonymous_1)
FNDA:3,(anonymous_2)
FNDA:1,(anonymous_3)
FNDA:1,(anonymous_4)
DA:5,8
DA:7,8
DA:8,1
DA:9,1
DA:10,1
DA:12,0
DA:16,8
DA:17,1
DA:18,1
DA:19,1
DA:21,0
DA:25,8
DA:26,3
DA:27,3
DA:28,3
DA:29,2
DA:31,1
DA:34,0
DA:38,8
DA:39,1
DA:40,1
DA:41,1
DA:43,0
DA:47,8
DA:48,1
DA:49,1
DA:51,1
DA:53,0
LF:28
LH:23
BRDA:28,0,0,2
BRDA:28,0,1,1
BRF:2
BRH:2
end_of_record
TN:
SF:src\routes\v1\treatment-type.js
FN:8,(anonymous_0)
FN:18,(anonymous_1)
FN:27,(anonymous_2)
FN:41,(anonymous_3)
FN:50,(anonymous_4)
FNF:5
FNH:0
FNDA:0,(anonymous_0)
FNDA:0,(anonymous_1)
FNDA:0,(anonymous_2)
FNDA:0,(anonymous_3)
FNDA:0,(anonymous_4)
DA:5,8
DA:6,8
DA:8,8
DA:9,0
DA:10,0
DA:12,0
DA:14,0
DA:18,8
DA:19,0
DA:20,0
DA:21,0
DA:23,0
DA:27,8
DA:28,0
DA:29,0
DA:31,0
DA:32,0
DA:34,0
DA:37,0
DA:41,8
DA:42,0
DA:43,0
DA:44,0
DA:46,0
DA:50,8
DA:51,0
DA:52,0
DA:54,0
DA:56,0
LF:29
LH:7
BRDA:31,0,0,0
BRDA:31,0,1,0
BRF:2
BRH:0
end_of_record
TN:
SF:src\routes\v1\treatment.js
FN:8,(anonymous_0)
FN:17,(anonymous_1)
FN:26,(anonymous_2)
FN:40,(anonymous_3)
FN:49,(anonymous_4)
FNF:5
FNH:0
FNDA:0,(anonymous_0)
FNDA:0,(anonymous_1)
FNDA:0,(anonymous_2)
FNDA:0,(anonymous_3)
FNDA:0,(anonymous_4)
DA:5,8
DA:6,8
DA:8,8
DA:9,0
DA:10,0
DA:11,0
DA:13,0
DA:17,8
DA:18,0
DA:19,0
DA:20,0
DA:22,0
DA:26,8
DA:27,0
DA:28,0
DA:30,0
DA:31,0
DA:33,0
DA:36,0
DA:40,8
DA:41,0
DA:42,0
DA:43,0
DA:45,0
DA:49,8
DA:50,0
DA:51,0
DA:53,0
DA:55,0
LF:29
LH:7
BRDA:30,0,0,0
BRDA:30,0,1,0
BRF:2
BRH:0
end_of_record
TN:
SF:src\routes\v1\user-type.js
FN:8,(anonymous_0)
FN:17,(anonymous_1)
FN:26,(anonymous_2)
FN:39,(anonymous_3)
FN:48,(anonymous_4)
FNF:5
FNH:0
FNDA:0,(anonymous_0)
FNDA:0,(anonymous_1)
FNDA:0,(anonymous_2)
FNDA:0,(anonymous_3)
FNDA:0,(anonymous_4)
DA:5,8
DA:6,8
DA:8,8
DA:9,0
DA:10,0
DA:11,0
DA:13,0
DA:17,8
DA:18,0
DA:19,0
DA:20,0
DA:22,0
DA:26,8
DA:27,0
DA:28,0
DA:29,0
DA:30,0
DA:32,0
DA:35,0
DA:39,8
DA:40,0
DA:41,0
DA:42,0
DA:44,0
DA:48,8
DA:49,0
DA:50,0
DA:52,0
DA:54,0
LF:29
LH:7
BRDA:29,0,0,0
BRDA:29,0,1,0
BRF:2
BRH:0
end_of_record
TN:
SF:src\routes\v1\user.js
FN:8,(anonymous_0)
FN:17,(anonymous_1)
FN:26,(anonymous_2)
FN:39,(anonymous_3)
FN:48,(anonymous_4)
FNF:5
FNH:5
FNDA:1,(anonymous_0)
FNDA:1,(anonymous_1)
FNDA:3,(anonymous_2)
FNDA:1,(anonymous_3)
FNDA:1,(anonymous_4)
DA:5,8
DA:6,8
DA:8,8
DA:9,1
DA:10,1
DA:11,1
DA:13,0
DA:17,8
DA:18,1
DA:19,1
DA:20,1
DA:22,0
DA:26,8
DA:27,3
DA:28,3
DA:29,3
DA:30,2
DA:32,1
DA:35,0
DA:39,8
DA:40,1
DA:41,1
DA:42,1
DA:44,0
DA:48,8
DA:49,1
DA:50,1
DA:51,1
DA:53,0
LF:29
LH:24
BRDA:29,0,0,2
BRDA:29,0,1,1
BRF:2
BRH:2
end_of_record
TN:
SF:src\services\auth-service.js
FN:14,(anonymous_0)
FN:31,(anonymous_1)
FN:47,(anonymous_2)
FN:65,(anonymous_3)
FN:86,(anonymous_4)
FN:99,(anonymous_5)
FNF:6
FNH:5
FNDA:1,(anonymous_0)
FNDA:1,(anonymous_1)
FNDA:1,(anonymous_2)
FNDA:1,(anonymous_3)
FNDA:1,(anonymous_4)
FNDA:0,(anonymous_5)
DA:13,8
DA:15,1
DA:17,1
DA:18,0
DA:20,1
DA:22,1
DA:23,0
DA:26,1
DA:27,1
DA:28,1
DA:32,1
DA:34,1
DA:35,0
DA:38,1
DA:39,0
DA:42,1
DA:44,1
DA:48,1
DA:50,1
DA:51,0
DA:54,1
DA:55,1
DA:58,1
DA:62,1
DA:66,1
DA:67,1
DA:68,0
DA:71,1
DA:73,1
DA:74,0
DA:78,1
DA:79,1
DA:80,1
DA:81,1
DA:82,0
DA:85,1
DA:86,1
DA:87,1
DA:90,1
DA:93,1
DA:95,0
DA:100,0
DA:102,0
DA:103,0
DA:105,0
LF:45
LH:32
BRDA:17,0,0,0
BRDA:17,0,1,1
BRDA:22,1,0,0
BRDA:22,1,1,1
BRDA:34,2,0,0
BRDA:34,2,1,1
BRDA:38,3,0,0
BRDA:38,3,1,1
BRDA:50,4,0,0
BRDA:50,4,1,1
BRDA:67,5,0,0
BRDA:67,5,1,1
BRDA:73,6,0,0
BRDA:73,6,1,1
BRDA:81,7,0,0
BRDA:81,7,1,1
BRDA:102,8,0,0
BRDA:102,8,1,0
BRF:18
BRH:8
end_of_record
TN:
SF:src\services\breed-service.js
FN:4,(anonymous_0)
FN:8,(anonymous_1)
FN:12,(anonymous_2)
FN:16,(anonymous_3)
FN:20,(anonymous_4)
FNF:5
FNH:5
FNDA:3,(anonymous_0)
FNDA:1,(anonymous_1)
FNDA:1,(anonymous_2)
FNDA:1,(anonymous_3)
FNDA:1,(anonymous_4)
DA:3,8
DA:5,3
DA:9,1
DA:13,1
DA:17,1
DA:21,1
LF:6
LH:6
BRF:0
BRH:0
end_of_record
TN:
SF:src\services\breed-type-service.js
FN:4,(anonymous_0)
FN:8,(anonymous_1)
FN:12,(anonymous_2)
FN:16,(anonymous_3)
FN:20,(anonymous_4)
FNF:5
FNH:5
FNDA:3,(anonymous_0)
FNDA:1,(anonymous_1)
FNDA:1,(anonymous_2)
FNDA:1,(anonymous_3)
FNDA:1,(anonymous_4)
DA:3,8
DA:5,3
DA:9,1
DA:13,1
DA:17,1
DA:21,1
LF:6
LH:6
BRF:0
BRH:0
end_of_record
TN:
SF:src\services\city-service.js
FN:4,(anonymous_0)
FN:8,(anonymous_1)
FN:12,(anonymous_2)
FN:16,(anonymous_3)
FN:20,(anonymous_4)
FNF:5
FNH:5
FNDA:3,(anonymous_0)
FNDA:1,(anonymous_1)
FNDA:1,(anonymous_2)
FNDA:1,(anonymous_3)
FNDA:1,(anonymous_4)
DA:3,8
DA:5,3
DA:9,1
DA:13,1
DA:17,1
DA:21,1
LF:6
LH:6
BRF:0
BRH:0
end_of_record
TN:
SF:src\services\comment-service.js
FN:4,(anonymous_0)
FN:8,(anonymous_1)
FN:12,(anonymous_2)
FN:16,(anonymous_3)
FN:20,(anonymous_4)
FNF:5
FNH:0
FNDA:0,(anonymous_0)
FNDA:0,(anonymous_1)
FNDA:0,(anonymous_2)
FNDA:0,(anonymous_3)
FNDA:0,(anonymous_4)
DA:3,8
DA:5,0
DA:9,0
DA:13,0
DA:17,0
DA:21,0
LF:6
LH:1
BRF:0
BRH:0
end_of_record
TN:
SF:src\services\country-service.js
FN:4,(anonymous_0)
FN:8,(anonymous_1)
FN:12,(anonymous_2)
FN:16,(anonymous_3)
FN:20,(anonymous_4)
FNF:5
FNH:5
FNDA:3,(anonymous_0)
FNDA:1,(anonymous_1)
FNDA:1,(anonymous_2)
FNDA:1,(anonymous_3)
FNDA:1,(anonymous_4)
DA:3,8
DA:5,3
DA:9,1
DA:13,1
DA:17,1
DA:21,1
LF:6
LH:6
BRF:0
BRH:0
end_of_record
TN:
SF:src\services\forget-password-service.js
FN:4,(anonymous_0)
FN:8,(anonymous_1)
FN:12,(anonymous_2)
FNF:3
FNH:3
FNDA:1,(anonymous_0)
FNDA:1,(anonymous_1)
FNDA:1,(anonymous_2)
DA:3,8
DA:5,1
DA:9,1
DA:13,1
LF:4
LH:4
BRF:0
BRH:0
end_of_record
TN:
SF:src\services\mail-service.js
FN:12,buildMailData
FN:22,sendMail
FN:24,(anonymous_2)
FNF:3
FNH:0
FNDA:0,buildMailData
FNDA:0,sendMail
FNDA:0,(anonymous_2)
DA:4,8
DA:13,0
DA:23,0
DA:24,0
DA:25,0
DA:26,0
DA:29,0
DA:33,8
LF:8
LH:2
BRDA:25,0,0,0
BRDA:25,0,1,0
BRF:2
BRH:0
end_of_record
TN:
SF:src\services\order-service.js
FN:4,(anonymous_0)
FN:8,(anonymous_1)
FN:12,(anonymous_2)
FN:16,(anonymous_3)
FN:20,(anonymous_4)
FNF:5
FNH:0
FNDA:0,(anonymous_0)
FNDA:0,(anonymous_1)
FNDA:0,(anonymous_2)
FNDA:0,(anonymous_3)
FNDA:0,(anonymous_4)
DA:3,8
DA:5,0
DA:9,0
DA:13,0
DA:17,0
DA:21,0
LF:6
LH:1
BRF:0
BRH:0
end_of_record
TN:
SF:src\services\pet-service.js
FN:4,(anonymous_0)
FN:8,(anonymous_1)
FN:12,(anonymous_2)
FN:16,(anonymous_3)
FN:20,(anonymous_4)
FNF:5
FNH:5
FNDA:3,(anonymous_0)
FNDA:1,(anonymous_1)
FNDA:1,(anonymous_2)
FNDA:1,(anonymous_3)
FNDA:1,(anonymous_4)
DA:3,8
DA:5,3
DA:9,1
DA:13,1
DA:17,1
DA:21,1
LF:6
LH:6
BRF:0
BRH:0
end_of_record
TN:
SF:src\services\product-category-service.js
FN:5,(anonymous_0)
FN:9,(anonymous_1)
FN:13,(anonymous_2)
FN:17,(anonymous_3)
FN:21,(anonymous_4)
FNF:5
FNH:0
FNDA:0,(anonymous_0)
FNDA:0,(anonymous_1)
FNDA:0,(anonymous_2)
FNDA:0,(anonymous_3)
FNDA:0,(anonymous_4)
DA:4,8
DA:6,0
DA:10,0
DA:14,0
DA:18,0
DA:22,0
LF:6
LH:1
BRF:0
BRH:0
end_of_record
TN:
SF:src\services\product-service.js
FN:4,(anonymous_0)
FN:8,(anonymous_1)
FN:12,(anonymous_2)
FN:16,(anonymous_3)
FN:20,(anonymous_4)
FNF:5
FNH:0
FNDA:0,(anonymous_0)
FNDA:0,(anonymous_1)
FNDA:0,(anonymous_2)
FNDA:0,(anonymous_3)
FNDA:0,(anonymous_4)
DA:3,8
DA:5,0
DA:9,0
DA:13,0
DA:17,0
DA:21,0
LF:6
LH:1
BRF:0
BRH:0
end_of_record
TN:
SF:src\services\province-service.js
FN:4,(anonymous_0)
FN:8,(anonymous_1)
FN:12,(anonymous_2)
FN:16,(anonymous_3)
FN:20,(anonymous_4)
FNF:5
FNH:5
FNDA:3,(anonymous_0)
FNDA:1,(anonymous_1)
FNDA:1,(anonymous_2)
FNDA:1,(anonymous_3)
FNDA:1,(anonymous_4)
DA:3,8
DA:5,3
DA:9,1
DA:13,1
DA:17,1
DA:21,1
LF:6
LH:6
BRF:0
BRH:0
end_of_record
TN:
SF:src\services\treatment-service.js
FN:4,(anonymous_0)
FN:8,(anonymous_1)
FN:12,(anonymous_2)
FN:16,(anonymous_3)
FN:20,(anonymous_4)
FNF:5
FNH:0
FNDA:0,(anonymous_0)
FNDA:0,(anonymous_1)
FNDA:0,(anonymous_2)
FNDA:0,(anonymous_3)
FNDA:0,(anonymous_4)
DA:3,8
DA:5,0
DA:9,0
DA:13,0
DA:17,0
DA:21,0
LF:6
LH:1
BRF:0
BRH:0
end_of_record
TN:
SF:src\services\treatment-type-service.js
FN:4,(anonymous_0)
FN:8,(anonymous_1)
FN:12,(anonymous_2)
FN:16,(anonymous_3)
FN:20,(anonymous_4)
FNF:5
FNH:0
FNDA:0,(anonymous_0)
FNDA:0,(anonymous_1)
FNDA:0,(anonymous_2)
FNDA:0,(anonymous_3)
FNDA:0,(anonymous_4)
DA:3,8
DA:5,0
DA:9,0
DA:13,0
DA:17,0
DA:21,0
LF:6
LH:1
BRF:0
BRH:0
end_of_record
TN:
SF:src\services\user-service.js
FN:4,(anonymous_0)
FN:8,(anonymous_1)
FN:12,(anonymous_2)
FN:16,(anonymous_3)
FN:20,(anonymous_4)
FN:24,(anonymous_5)
FN:28,(anonymous_6)
FNF:7
FNH:6
FNDA:0,(anonymous_0)
FNDA:2,(anonymous_1)
FNDA:1,(anonymous_2)
FNDA:4,(anonymous_3)
FNDA:2,(anonymous_4)
FNDA:1,(anonymous_5)
FNDA:2,(anonymous_6)
DA:3,8
DA:5,0
DA:9,2
DA:13,1
DA:17,4
DA:21,2
DA:25,1
DA:29,2
LF:8
LH:7
BRF:0
BRH:0
end_of_record
TN:
SF:src\services\user-type-service.js
FN:4,(anonymous_0)
FN:8,(anonymous_1)
FN:12,(anonymous_2)
FN:16,(anonymous_3)
FN:20,(anonymous_4)
FNF:5
FNH:0
FNDA:0,(anonymous_0)
FNDA:0,(anonymous_1)
FNDA:0,(anonymous_2)
FNDA:0,(anonymous_3)
FNDA:0,(anonymous_4)
DA:3,8
DA:5,0
DA:9,0
DA:13,0
DA:17,0
DA:21,0
LF:6
LH:1
BRF:0
BRH:0
end_of_record
TN:
SF:test\populate-db.js
FN:12,populateDb
FNF:1
FNH:1
FNDA:8,populateDb
DA:13,8
DA:15,8
DA:22,8
DA:35,8
DA:36,8
DA:37,8
DA:39,8
DA:42,8
DA:44,8
DA:45,8
LF:10
LH:10
BRF:0
BRH:0
end_of_record
